{"/Users/macbookair/Desktop/myProject/TV-show/src/components/tv-show/DashbordComp.vue": {"path":"/Users/macbookair/Desktop/myProject/TV-show/src/components/tv-show/DashbordComp.vue","statementMap":{"0":{"start":{"line":5,"column":16},"end":{"line":31,"column":1}},"1":{"start":{"line":7,"column":4},"end":{"line":9,"column":7}},"2":{"start":{"line":8,"column":6},"end":{"line":8,"column":21}},"3":{"start":{"line":11,"column":2},"end":{"line":30,"column":5}},"4":{"start":{"line":13,"column":6},"end":{"line":17,"column":7}},"5":{"start":{"line":14,"column":8},"end":{"line":14,"column":36}},"6":{"start":{"line":16,"column":8},"end":{"line":16,"column":18}},"7":{"start":{"line":20,"column":6},"end":{"line":24,"column":7}},"8":{"start":{"line":21,"column":8},"end":{"line":21,"column":40}},"9":{"start":{"line":23,"column":8},"end":{"line":23,"column":18}},"10":{"start":{"line":27,"column":6},"end":{"line":27,"column":90}},"11":{"start":{"line":29,"column":4},"end":{"line":29,"column":74}},"12":{"start":{"line":32,"column":18},"end":{"line":119,"column":1}},"13":{"start":{"line":33,"column":10},"end":{"line":41,"column":5}},"14":{"start":{"line":36,"column":8},"end":{"line":36,"column":33}},"15":{"start":{"line":36,"column":22},"end":{"line":36,"column":33}},"16":{"start":{"line":37,"column":8},"end":{"line":37,"column":20}},"17":{"start":{"line":46,"column":2},"end":{"line":52,"column":8}},"18":{"start":{"line":51,"column":4},"end":{"line":51,"column":16}},"19":{"start":{"line":54,"column":4},"end":{"line":56,"column":6}},"20":{"start":{"line":55,"column":6},"end":{"line":55,"column":26}},"21":{"start":{"line":59,"column":4},"end":{"line":59,"column":66}},"22":{"start":{"line":59,"column":11},"end":{"line":59,"column":66}},"23":{"start":{"line":60,"column":4},"end":{"line":112,"column":5}},"24":{"start":{"line":60,"column":14},"end":{"line":112,"column":5}},"25":{"start":{"line":61,"column":6},"end":{"line":61,"column":163}},"26":{"start":{"line":61,"column":154},"end":{"line":61,"column":163}},"27":{"start":{"line":62,"column":6},"end":{"line":62,"column":46}},"28":{"start":{"line":62,"column":20},"end":{"line":62,"column":46}},"29":{"start":{"line":63,"column":6},"end":{"line":105,"column":7}},"30":{"start":{"line":66,"column":10},"end":{"line":66,"column":17}},"31":{"start":{"line":67,"column":10},"end":{"line":67,"column":16}},"32":{"start":{"line":69,"column":10},"end":{"line":69,"column":20}},"33":{"start":{"line":70,"column":10},"end":{"line":73,"column":12}},"34":{"start":{"line":75,"column":10},"end":{"line":75,"column":20}},"35":{"start":{"line":76,"column":10},"end":{"line":76,"column":20}},"36":{"start":{"line":77,"column":10},"end":{"line":77,"column":19}},"37":{"start":{"line":78,"column":10},"end":{"line":78,"column":19}},"38":{"start":{"line":80,"column":10},"end":{"line":80,"column":27}},"39":{"start":{"line":81,"column":10},"end":{"line":81,"column":23}},"40":{"start":{"line":82,"column":10},"end":{"line":82,"column":19}},"41":{"start":{"line":84,"column":10},"end":{"line":87,"column":11}},"42":{"start":{"line":85,"column":12},"end":{"line":85,"column":18}},"43":{"start":{"line":86,"column":12},"end":{"line":86,"column":21}},"44":{"start":{"line":88,"column":10},"end":{"line":91,"column":11}},"45":{"start":{"line":89,"column":12},"end":{"line":89,"column":28}},"46":{"start":{"line":90,"column":12},"end":{"line":90,"column":18}},"47":{"start":{"line":92,"column":10},"end":{"line":96,"column":11}},"48":{"start":{"line":93,"column":12},"end":{"line":93,"column":27}},"49":{"start":{"line":94,"column":12},"end":{"line":94,"column":19}},"50":{"start":{"line":95,"column":12},"end":{"line":95,"column":18}},"51":{"start":{"line":97,"column":10},"end":{"line":101,"column":11}},"52":{"start":{"line":98,"column":12},"end":{"line":98,"column":27}},"53":{"start":{"line":99,"column":12},"end":{"line":99,"column":27}},"54":{"start":{"line":100,"column":12},"end":{"line":100,"column":18}},"55":{"start":{"line":102,"column":10},"end":{"line":102,"column":32}},"56":{"start":{"line":102,"column":20},"end":{"line":102,"column":32}},"57":{"start":{"line":103,"column":10},"end":{"line":103,"column":23}},"58":{"start":{"line":104,"column":10},"end":{"line":104,"column":19}},"59":{"start":{"line":106,"column":6},"end":{"line":106,"column":33}},"60":{"start":{"line":108,"column":6},"end":{"line":108,"column":18}},"61":{"start":{"line":109,"column":6},"end":{"line":109,"column":12}},"62":{"start":{"line":111,"column":6},"end":{"line":111,"column":16}},"63":{"start":{"line":113,"column":4},"end":{"line":113,"column":31}},"64":{"start":{"line":113,"column":19},"end":{"line":113,"column":31}},"65":{"start":{"line":114,"column":4},"end":{"line":117,"column":6}},"66":{"start":{"line":120,"column":22},"end":{"line":124,"column":1}},"67":{"start":{"line":121,"column":2},"end":{"line":123,"column":4}},"68":{"start":{"line":125,"column":0},"end":{"line":127,"column":3}},"69":{"start":{"line":128,"column":12},"end":{"line":128,"column":26}},"70":{"start":{"line":129,"column":24},"end":{"line":129,"column":88}},"71":{"start":{"line":130,"column":24},"end":{"line":130,"column":88}},"72":{"start":{"line":131,"column":16},"end":{"line":131,"column":46}},"73":{"start":{"line":132,"column":14},"end":{"line":132,"column":47}},"74":{"start":{"line":133,"column":0},"end":{"line":177,"column":3}},"75":{"start":{"line":140,"column":4},"end":{"line":144,"column":6}},"76":{"start":{"line":148,"column":6},"end":{"line":148,"column":35}},"77":{"start":{"line":151,"column":6},"end":{"line":174,"column":9}},"78":{"start":{"line":153,"column":8},"end":{"line":173,"column":11}},"79":{"start":{"line":154,"column":10},"end":{"line":172,"column":11}},"80":{"start":{"line":156,"column":14},"end":{"line":156,"column":39}},"81":{"start":{"line":157,"column":14},"end":{"line":157,"column":59}},"82":{"start":{"line":158,"column":14},"end":{"line":158,"column":61}},"83":{"start":{"line":160,"column":14},"end":{"line":160,"column":33}},"84":{"start":{"line":161,"column":14},"end":{"line":161,"column":48}},"85":{"start":{"line":163,"column":14},"end":{"line":163,"column":31}},"86":{"start":{"line":164,"column":14},"end":{"line":164,"column":37}},"87":{"start":{"line":165,"column":14},"end":{"line":165,"column":38}},"88":{"start":{"line":167,"column":14},"end":{"line":167,"column":34}},"89":{"start":{"line":168,"column":14},"end":{"line":168,"column":35}},"90":{"start":{"line":169,"column":14},"end":{"line":169,"column":38}},"91":{"start":{"line":171,"column":14},"end":{"line":171,"column":36}},"92":{"start":{"line":178,"column":0},"end":{"line":178,"column":13}},"93":{"start":{"line":179,"column":20},"end":{"line":187,"column":1}},"94":{"start":{"line":180,"column":4},"end":{"line":185,"column":5}},"95":{"start":{"line":180,"column":40},"end":{"line":185,"column":5}},"96":{"start":{"line":180,"column":53},"end":{"line":180,"column":54}},"97":{"start":{"line":180,"column":60},"end":{"line":180,"column":71}},"98":{"start":{"line":181,"column":8},"end":{"line":184,"column":9}},"99":{"start":{"line":182,"column":12},"end":{"line":182,"column":65}},"100":{"start":{"line":182,"column":21},"end":{"line":182,"column":65}},"101":{"start":{"line":183,"column":12},"end":{"line":183,"column":28}},"102":{"start":{"line":186,"column":4},"end":{"line":186,"column":61}},"103":{"start":{"line":188,"column":0},"end":{"line":188,"column":62}},"104":{"start":{"line":189,"column":0},"end":{"line":189,"column":24}},"105":{"start":{"line":190,"column":12},"end":{"line":190,"column":26}},"106":{"start":{"line":191,"column":17},"end":{"line":191,"column":39}},"107":{"start":{"line":192,"column":17},"end":{"line":192,"column":46}},"108":{"start":{"line":193,"column":31},"end":{"line":202,"column":20}},"109":{"start":{"line":203,"column":17},"end":{"line":205,"column":1}},"110":{"start":{"line":206,"column":17},"end":{"line":206,"column":27}},"111":{"start":{"line":207,"column":17},"end":{"line":207,"column":27}},"112":{"start":{"line":209,"column":36},"end":{"line":209,"column":81}},"113":{"start":{"line":210,"column":33},"end":{"line":210,"column":75}},"114":{"start":{"line":211,"column":4},"end":{"line":253,"column":34}},"115":{"start":{"line":220,"column":89},"end":{"line":220,"column":126}},"116":{"start":{"line":236,"column":39},"end":{"line":236,"column":41}},"117":{"start":{"line":237,"column":28},"end":{"line":239,"column":29}},"118":{"start":{"line":237,"column":42},"end":{"line":237,"column":43}},"119":{"start":{"line":238,"column":32},"end":{"line":238,"column":57}},"120":{"start":{"line":240,"column":28},"end":{"line":240,"column":100}},"121":{"start":{"line":255,"column":0},"end":{"line":255,"column":24}},"122":{"start":{"line":256,"column":1},"end":{"line":256,"column":48}}},"fnMap":{"0":{"name":"(anonymous_0)","decl":{"start":{"line":5,"column":42},"end":{"line":5,"column":43}},"loc":{"start":{"line":5,"column":87},"end":{"line":31,"column":1}},"line":5},"1":{"name":"adopt","decl":{"start":{"line":6,"column":11},"end":{"line":6,"column":16}},"loc":{"start":{"line":6,"column":24},"end":{"line":10,"column":3}},"line":6},"2":{"name":"(anonymous_2)","decl":{"start":{"line":7,"column":46},"end":{"line":7,"column":47}},"loc":{"start":{"line":7,"column":65},"end":{"line":9,"column":5}},"line":7},"3":{"name":"(anonymous_3)","decl":{"start":{"line":11,"column":34},"end":{"line":11,"column":35}},"loc":{"start":{"line":11,"column":61},"end":{"line":30,"column":3}},"line":11},"4":{"name":"fulfilled","decl":{"start":{"line":12,"column":13},"end":{"line":12,"column":22}},"loc":{"start":{"line":12,"column":30},"end":{"line":18,"column":5}},"line":12},"5":{"name":"rejected","decl":{"start":{"line":19,"column":13},"end":{"line":19,"column":21}},"loc":{"start":{"line":19,"column":29},"end":{"line":25,"column":5}},"line":19},"6":{"name":"step","decl":{"start":{"line":26,"column":13},"end":{"line":26,"column":17}},"loc":{"start":{"line":26,"column":26},"end":{"line":28,"column":5}},"line":26},"7":{"name":"(anonymous_7)","decl":{"start":{"line":32,"column":46},"end":{"line":32,"column":47}},"loc":{"start":{"line":32,"column":71},"end":{"line":119,"column":1}},"line":32},"8":{"name":"(anonymous_8)","decl":{"start":{"line":35,"column":12},"end":{"line":35,"column":13}},"loc":{"start":{"line":35,"column":24},"end":{"line":38,"column":7}},"line":35},"9":{"name":"(anonymous_9)","decl":{"start":{"line":50,"column":59},"end":{"line":50,"column":60}},"loc":{"start":{"line":50,"column":71},"end":{"line":52,"column":3}},"line":50},"10":{"name":"verb","decl":{"start":{"line":53,"column":11},"end":{"line":53,"column":15}},"loc":{"start":{"line":53,"column":19},"end":{"line":57,"column":3}},"line":53},"11":{"name":"(anonymous_11)","decl":{"start":{"line":54,"column":11},"end":{"line":54,"column":12}},"loc":{"start":{"line":54,"column":24},"end":{"line":56,"column":5}},"line":54},"12":{"name":"step","decl":{"start":{"line":58,"column":11},"end":{"line":58,"column":15}},"loc":{"start":{"line":58,"column":20},"end":{"line":118,"column":3}},"line":58},"13":{"name":"(anonymous_13)","decl":{"start":{"line":120,"column":54},"end":{"line":120,"column":55}},"loc":{"start":{"line":120,"column":69},"end":{"line":124,"column":1}},"line":120},"14":{"name":"(anonymous_14)","decl":{"start":{"line":139,"column":8},"end":{"line":139,"column":9}},"loc":{"start":{"line":139,"column":20},"end":{"line":145,"column":3}},"line":139},"15":{"name":"(anonymous_15)","decl":{"start":{"line":147,"column":17},"end":{"line":147,"column":18}},"loc":{"start":{"line":147,"column":29},"end":{"line":149,"column":5}},"line":147},"16":{"name":"(anonymous_16)","decl":{"start":{"line":150,"column":21},"end":{"line":150,"column":22}},"loc":{"start":{"line":150,"column":33},"end":{"line":175,"column":5}},"line":150},"17":{"name":"(anonymous_17)","decl":{"start":{"line":151,"column":45},"end":{"line":151,"column":46}},"loc":{"start":{"line":151,"column":57},"end":{"line":174,"column":7}},"line":151},"18":{"name":"(anonymous_18)","decl":{"start":{"line":153,"column":33},"end":{"line":153,"column":34}},"loc":{"start":{"line":153,"column":47},"end":{"line":173,"column":9}},"line":153},"19":{"name":"(anonymous_19)","decl":{"start":{"line":179,"column":52},"end":{"line":179,"column":53}},"loc":{"start":{"line":179,"column":78},"end":{"line":187,"column":1}},"line":179},"20":{"name":"render","decl":{"start":{"line":208,"column":9},"end":{"line":208,"column":15}},"loc":{"start":{"line":208,"column":30},"end":{"line":254,"column":1}},"line":208},"21":{"name":"(anonymous_21)","decl":{"start":{"line":220,"column":69},"end":{"line":220,"column":70}},"loc":{"start":{"line":220,"column":87},"end":{"line":220,"column":128}},"line":220},"22":{"name":"(anonymous_22)","decl":{"start":{"line":235,"column":24},"end":{"line":235,"column":25}},"loc":{"start":{"line":235,"column":36},"end":{"line":241,"column":25}},"line":235}},"branchMap":{"0":{"loc":{"start":{"line":5,"column":16},"end":{"line":31,"column":1}},"type":"binary-expr","locations":[{"start":{"line":5,"column":16},"end":{"line":5,"column":20}},{"start":{"line":5,"column":24},"end":{"line":5,"column":38}},{"start":{"line":5,"column":42},"end":{"line":31,"column":1}}],"line":5},"1":{"loc":{"start":{"line":7,"column":11},"end":{"line":9,"column":6}},"type":"cond-expr","locations":[{"start":{"line":7,"column":32},"end":{"line":7,"column":37}},{"start":{"line":7,"column":40},"end":{"line":9,"column":6}}],"line":7},"2":{"loc":{"start":{"line":11,"column":14},"end":{"line":11,"column":32}},"type":"binary-expr","locations":[{"start":{"line":11,"column":14},"end":{"line":11,"column":15}},{"start":{"line":11,"column":20},"end":{"line":11,"column":31}}],"line":11},"3":{"loc":{"start":{"line":27,"column":6},"end":{"line":27,"column":89}},"type":"cond-expr","locations":[{"start":{"line":27,"column":20},"end":{"line":27,"column":41}},{"start":{"line":27,"column":44},"end":{"line":27,"column":89}}],"line":27},"4":{"loc":{"start":{"line":29,"column":47},"end":{"line":29,"column":63}},"type":"binary-expr","locations":[{"start":{"line":29,"column":47},"end":{"line":29,"column":57}},{"start":{"line":29,"column":61},"end":{"line":29,"column":63}}],"line":29},"5":{"loc":{"start":{"line":32,"column":18},"end":{"line":119,"column":1}},"type":"binary-expr","locations":[{"start":{"line":32,"column":18},"end":{"line":32,"column":22}},{"start":{"line":32,"column":26},"end":{"line":32,"column":42}},{"start":{"line":32,"column":46},"end":{"line":119,"column":1}}],"line":32},"6":{"loc":{"start":{"line":36,"column":8},"end":{"line":36,"column":33}},"type":"if","locations":[{"start":{"line":36,"column":8},"end":{"line":36,"column":33}},{"start":{},"end":{}}],"line":36},"7":{"loc":{"start":{"line":50,"column":5},"end":{"line":52,"column":4}},"type":"binary-expr","locations":[{"start":{"line":50,"column":5},"end":{"line":50,"column":33}},{"start":{"line":50,"column":38},"end":{"line":52,"column":3}}],"line":50},"8":{"loc":{"start":{"line":59,"column":4},"end":{"line":59,"column":66}},"type":"if","locations":[{"start":{"line":59,"column":4},"end":{"line":59,"column":66}},{"start":{},"end":{}}],"line":59},"9":{"loc":{"start":{"line":61,"column":6},"end":{"line":61,"column":163}},"type":"if","locations":[{"start":{"line":61,"column":6},"end":{"line":61,"column":163}},{"start":{},"end":{}}],"line":61},"10":{"loc":{"start":{"line":61,"column":17},"end":{"line":61,"column":152}},"type":"binary-expr","locations":[{"start":{"line":61,"column":17},"end":{"line":61,"column":18}},{"start":{"line":61,"column":23},"end":{"line":61,"column":119}},{"start":{"line":61,"column":124},"end":{"line":61,"column":152}}],"line":61},"11":{"loc":{"start":{"line":61,"column":27},"end":{"line":61,"column":119}},"type":"cond-expr","locations":[{"start":{"line":61,"column":39},"end":{"line":61,"column":50}},{"start":{"line":61,"column":53},"end":{"line":61,"column":119}}],"line":61},"12":{"loc":{"start":{"line":61,"column":53},"end":{"line":61,"column":119}},"type":"cond-expr","locations":[{"start":{"line":61,"column":61},"end":{"line":61,"column":110}},{"start":{"line":61,"column":113},"end":{"line":61,"column":119}}],"line":61},"13":{"loc":{"start":{"line":61,"column":61},"end":{"line":61,"column":110}},"type":"binary-expr","locations":[{"start":{"line":61,"column":61},"end":{"line":61,"column":71}},{"start":{"line":61,"column":76},"end":{"line":61,"column":109}}],"line":61},"14":{"loc":{"start":{"line":61,"column":76},"end":{"line":61,"column":106}},"type":"binary-expr","locations":[{"start":{"line":61,"column":77},"end":{"line":61,"column":92}},{"start":{"line":61,"column":97},"end":{"line":61,"column":106}}],"line":61},"15":{"loc":{"start":{"line":62,"column":6},"end":{"line":62,"column":46}},"type":"if","locations":[{"start":{"line":62,"column":6},"end":{"line":62,"column":46}},{"start":{},"end":{}}],"line":62},"16":{"loc":{"start":{"line":63,"column":6},"end":{"line":105,"column":7}},"type":"switch","locations":[{"start":{"line":64,"column":8},"end":{"line":64,"column":15}},{"start":{"line":65,"column":8},"end":{"line":67,"column":16}},{"start":{"line":68,"column":8},"end":{"line":73,"column":12}},{"start":{"line":74,"column":8},"end":{"line":78,"column":19}},{"start":{"line":79,"column":8},"end":{"line":82,"column":19}},{"start":{"line":83,"column":8},"end":{"line":104,"column":19}}],"line":63},"17":{"loc":{"start":{"line":84,"column":10},"end":{"line":87,"column":11}},"type":"if","locations":[{"start":{"line":84,"column":10},"end":{"line":87,"column":11}},{"start":{},"end":{}}],"line":84},"18":{"loc":{"start":{"line":84,"column":14},"end":{"line":84,"column":96}},"type":"binary-expr","locations":[{"start":{"line":84,"column":14},"end":{"line":84,"column":64}},{"start":{"line":84,"column":69},"end":{"line":84,"column":80}},{"start":{"line":84,"column":84},"end":{"line":84,"column":95}}],"line":84},"19":{"loc":{"start":{"line":84,"column":32},"end":{"line":84,"column":63}},"type":"binary-expr","locations":[{"start":{"line":84,"column":32},"end":{"line":84,"column":44}},{"start":{"line":84,"column":48},"end":{"line":84,"column":63}}],"line":84},"20":{"loc":{"start":{"line":88,"column":10},"end":{"line":91,"column":11}},"type":"if","locations":[{"start":{"line":88,"column":10},"end":{"line":91,"column":11}},{"start":{},"end":{}}],"line":88},"21":{"loc":{"start":{"line":88,"column":14},"end":{"line":88,"column":65}},"type":"binary-expr","locations":[{"start":{"line":88,"column":14},"end":{"line":88,"column":25}},{"start":{"line":88,"column":30},"end":{"line":88,"column":32}},{"start":{"line":88,"column":36},"end":{"line":88,"column":48}},{"start":{"line":88,"column":52},"end":{"line":88,"column":64}}],"line":88},"22":{"loc":{"start":{"line":92,"column":10},"end":{"line":96,"column":11}},"type":"if","locations":[{"start":{"line":92,"column":10},"end":{"line":96,"column":11}},{"start":{},"end":{}}],"line":92},"23":{"loc":{"start":{"line":92,"column":14},"end":{"line":92,"column":43}},"type":"binary-expr","locations":[{"start":{"line":92,"column":14},"end":{"line":92,"column":25}},{"start":{"line":92,"column":29},"end":{"line":92,"column":43}}],"line":92},"24":{"loc":{"start":{"line":97,"column":10},"end":{"line":101,"column":11}},"type":"if","locations":[{"start":{"line":97,"column":10},"end":{"line":101,"column":11}},{"start":{},"end":{}}],"line":97},"25":{"loc":{"start":{"line":97,"column":14},"end":{"line":97,"column":33}},"type":"binary-expr","locations":[{"start":{"line":97,"column":14},"end":{"line":97,"column":15}},{"start":{"line":97,"column":19},"end":{"line":97,"column":33}}],"line":97},"26":{"loc":{"start":{"line":102,"column":10},"end":{"line":102,"column":32}},"type":"if","locations":[{"start":{"line":102,"column":10},"end":{"line":102,"column":32}},{"start":{},"end":{}}],"line":102},"27":{"loc":{"start":{"line":113,"column":4},"end":{"line":113,"column":31}},"type":"if","locations":[{"start":{"line":113,"column":4},"end":{"line":113,"column":31}},{"start":{},"end":{}}],"line":113},"28":{"loc":{"start":{"line":115,"column":13},"end":{"line":115,"column":35}},"type":"cond-expr","locations":[{"start":{"line":115,"column":21},"end":{"line":115,"column":26}},{"start":{"line":115,"column":29},"end":{"line":115,"column":35}}],"line":115},"29":{"loc":{"start":{"line":120,"column":22},"end":{"line":124,"column":1}},"type":"binary-expr","locations":[{"start":{"line":120,"column":22},"end":{"line":120,"column":26}},{"start":{"line":120,"column":30},"end":{"line":120,"column":50}},{"start":{"line":120,"column":54},"end":{"line":124,"column":1}}],"line":120},"30":{"loc":{"start":{"line":121,"column":9},"end":{"line":123,"column":3}},"type":"cond-expr","locations":[{"start":{"line":121,"column":33},"end":{"line":121,"column":36}},{"start":{"line":121,"column":39},"end":{"line":123,"column":3}}],"line":121},"31":{"loc":{"start":{"line":121,"column":9},"end":{"line":121,"column":30}},"type":"binary-expr","locations":[{"start":{"line":121,"column":9},"end":{"line":121,"column":12}},{"start":{"line":121,"column":16},"end":{"line":121,"column":30}}],"line":121},"32":{"loc":{"start":{"line":154,"column":10},"end":{"line":172,"column":11}},"type":"switch","locations":[{"start":{"line":155,"column":12},"end":{"line":158,"column":61}},{"start":{"line":159,"column":12},"end":{"line":161,"column":48}},{"start":{"line":162,"column":12},"end":{"line":165,"column":38}},{"start":{"line":166,"column":12},"end":{"line":169,"column":38}},{"start":{"line":170,"column":12},"end":{"line":171,"column":36}}],"line":154},"33":{"loc":{"start":{"line":179,"column":20},"end":{"line":187,"column":1}},"type":"binary-expr","locations":[{"start":{"line":179,"column":21},"end":{"line":179,"column":25}},{"start":{"line":179,"column":29},"end":{"line":179,"column":47}},{"start":{"line":179,"column":52},"end":{"line":187,"column":1}}],"line":179},"34":{"loc":{"start":{"line":180,"column":4},"end":{"line":185,"column":5}},"type":"if","locations":[{"start":{"line":180,"column":4},"end":{"line":185,"column":5}},{"start":{},"end":{}}],"line":180},"35":{"loc":{"start":{"line":180,"column":8},"end":{"line":180,"column":38}},"type":"binary-expr","locations":[{"start":{"line":180,"column":8},"end":{"line":180,"column":12}},{"start":{"line":180,"column":16},"end":{"line":180,"column":38}}],"line":180},"36":{"loc":{"start":{"line":181,"column":8},"end":{"line":184,"column":9}},"type":"if","locations":[{"start":{"line":181,"column":8},"end":{"line":184,"column":9}},{"start":{},"end":{}}],"line":181},"37":{"loc":{"start":{"line":181,"column":12},"end":{"line":181,"column":30}},"type":"binary-expr","locations":[{"start":{"line":181,"column":12},"end":{"line":181,"column":14}},{"start":{"line":181,"column":18},"end":{"line":181,"column":30}}],"line":181},"38":{"loc":{"start":{"line":182,"column":12},"end":{"line":182,"column":65}},"type":"if","locations":[{"start":{"line":182,"column":12},"end":{"line":182,"column":65}},{"start":{},"end":{}}],"line":182},"39":{"loc":{"start":{"line":186,"column":21},"end":{"line":186,"column":59}},"type":"binary-expr","locations":[{"start":{"line":186,"column":21},"end":{"line":186,"column":23}},{"start":{"line":186,"column":27},"end":{"line":186,"column":59}}],"line":186},"40":{"loc":{"start":{"line":220,"column":43},"end":{"line":220,"column":129}},"type":"binary-expr","locations":[{"start":{"line":220,"column":43},"end":{"line":220,"column":52}},{"start":{"line":220,"column":57},"end":{"line":220,"column":128}}],"line":220},"41":{"loc":{"start":{"line":233,"column":29},"end":{"line":241,"column":26}},"type":"binary-expr","locations":[{"start":{"line":233,"column":29},"end":{"line":233,"column":38}},{"start":{"line":233,"column":43},"end":{"line":241,"column":25}}],"line":233},"42":{"loc":{"start":{"line":240,"column":36},"end":{"line":240,"column":98}},"type":"binary-expr","locations":[{"start":{"line":240,"column":36},"end":{"line":240,"column":56}},{"start":{"line":240,"column":60},"end":{"line":240,"column":98}}],"line":240},"43":{"loc":{"start":{"line":246,"column":8},"end":{"line":252,"column":15}},"type":"cond-expr","locations":[{"start":{"line":247,"column":15},"end":{"line":249,"column":14}},{"start":{"line":250,"column":15},"end":{"line":252,"column":14}}],"line":246},"44":{"loc":{"start":{"line":246,"column":9},"end":{"line":246,"column":89}},"type":"binary-expr","locations":[{"start":{"line":246,"column":9},"end":{"line":246,"column":25}},{"start":{"line":246,"column":30},"end":{"line":246,"column":56}},{"start":{"line":246,"column":60},"end":{"line":246,"column":88}}],"line":246}},"s":{"0":3,"1":1,"2":0,"3":1,"4":0,"5":0,"6":0,"7":0,"8":0,"9":0,"10":1,"11":1,"12":3,"13":1,"14":0,"15":0,"16":0,"17":1,"18":0,"19":3,"20":1,"21":1,"22":0,"23":1,"24":2,"25":2,"26":0,"27":2,"28":0,"29":2,"30":1,"31":1,"32":1,"33":1,"34":0,"35":0,"36":0,"37":0,"38":0,"39":0,"40":0,"41":0,"42":0,"43":0,"44":0,"45":0,"46":0,"47":0,"48":0,"49":0,"50":0,"51":0,"52":0,"53":0,"54":0,"55":0,"56":0,"57":0,"58":0,"59":1,"60":0,"61":0,"62":2,"63":0,"64":0,"65":0,"66":3,"67":9,"68":3,"69":3,"70":3,"71":3,"72":3,"73":3,"74":3,"75":2,"76":0,"77":1,"78":1,"79":1,"80":1,"81":1,"82":1,"83":0,"84":0,"85":0,"86":0,"87":0,"88":0,"89":0,"90":0,"91":0,"92":3,"93":3,"94":2,"95":2,"96":2,"97":2,"98":2,"99":0,"100":0,"101":0,"102":2,"103":3,"104":3,"105":3,"106":3,"107":3,"108":3,"109":3,"110":3,"111":3,"112":2,"113":2,"114":2,"115":0,"116":1,"117":1,"118":1,"119":1,"120":1,"121":3,"122":3},"f":{"0":1,"1":1,"2":0,"3":1,"4":0,"5":0,"6":1,"7":1,"8":0,"9":0,"10":3,"11":1,"12":1,"13":9,"14":2,"15":0,"16":1,"17":1,"18":1,"19":2,"20":2,"21":0,"22":1},"b":{"0":[3,3,3],"1":[1,0],"2":[1,1],"3":[0,1],"4":[1,1],"5":[3,3,3],"6":[0,0],"7":[1,1],"8":[0,1],"9":[0,2],"10":[2,0,0],"11":[0,0],"12":[0,0],"13":[0,0],"14":[0,0],"15":[0,2],"16":[1,1,1,0,0,0],"17":[0,0],"18":[0,0,0],"19":[0,0],"20":[0,0],"21":[0,0,0,0],"22":[0,0],"23":[0,0],"24":[0,0],"25":[0,0],"26":[0,0],"27":[0,0],"28":[0,0],"29":[3,3,3],"30":[7,2],"31":[9,9],"32":[1,0,0,0,0],"33":[3,3,3],"34":[2,0],"35":[2,0],"36":[0,2],"37":[2,2],"38":[0,0],"39":[2,2],"40":[2,2],"41":[2,2],"42":[1,1],"43":[0,2],"44":[2,0,0]},"inputSourceMap":{"0":"{","1":"\"","2":"v","3":"e","4":"r","5":"s","6":"i","7":"o","8":"n","9":"\"","10":":","11":"3","12":",","13":"\"","14":"s","15":"o","16":"u","17":"r","18":"c","19":"e","20":"s","21":"\"","22":":","23":"[","24":"\"","25":"/","26":"U","27":"s","28":"e","29":"r","30":"s","31":"/","32":"m","33":"a","34":"c","35":"b","36":"o","37":"o","38":"k","39":"a","40":"i","41":"r","42":"/","43":"D","44":"e","45":"s","46":"k","47":"t","48":"o","49":"p","50":"/","51":"m","52":"y","53":"P","54":"r","55":"o","56":"j","57":"e","58":"c","59":"t","60":"/","61":"T","62":"V","63":"-","64":"s","65":"h","66":"o","67":"w","68":"/","69":"s","70":"r","71":"c","72":"/","73":"c","74":"o","75":"m","76":"p","77":"o","78":"n","79":"e","80":"n","81":"t","82":"s","83":"/","84":"t","85":"v","86":"-","87":"s","88":"h","89":"o","90":"w","91":"/","92":"D","93":"a","94":"s","95":"h","96":"b","97":"o","98":"r","99":"d","100":"C","101":"o","102":"m","103":"p","104":".","105":"v","106":"u","107":"e","108":"\"","109":"]","110":",","111":"\"","112":"n","113":"a","114":"m","115":"e","116":"s","117":"\"","118":":","119":"[","120":"]","121":",","122":"\"","123":"m","124":"a","125":"p","126":"p","127":"i","128":"n","129":"g","130":"s","131":"\"","132":":","133":"\"","134":";","135":";","136":";","137":";","138":";","139":";","140":";","141":";","142":";","143":";","144":";","145":";","146":";","147":";","148":";","149":";","150":";","151":";","152":";","153":";","154":";","155":";","156":";","157":";","158":";","159":";","160":";","161":";","162":";","163":";","164":";","165":";","166":";","167":";","168":";","169":";","170":";","171":";","172":";","173":";","174":";","175":";","176":";","177":";","178":";","179":";","180":";","181":";","182":";","183":";","184":";","185":";","186":";","187":";","188":";","189":";","190":";","191":";","192":";","193":";","194":";","195":";","196":";","197":";","198":";","199":";","200":";","201":";","202":";","203":";","204":";","205":";","206":";","207":";","208":";","209":";","210":";","211":";","212":";","213":";","214":";","215":";","216":";","217":";","218":";","219":";","220":";","221":";","222":";","223":";","224":";","225":";","226":";","227":";","228":";","229":";","230":";","231":";","232":";","233":";","234":";","235":";","236":";","237":";","238":";","239":";","240":";","241":";","242":";","243":";","244":";","245":";","246":";","247":";","248":";","249":";","250":";","251":";","252":";","253":";","254":";","255":";","256":";","257":";","258":";","259":";","260":";","261":"A","262":"A","263":"u","264":"C","265":"A","266":";","267":"A","268":"A","269":"C","270":"A","271":";","272":"A","273":"A","274":"C","275":"A","276":";","277":"A","278":"A","279":"C","280":"A","281":";","282":"A","283":"A","284":"C","285":"A","286":";","287":"A","288":"A","289":"I","290":"A","291":",","292":"k","293":"B","294":"A","295":"A","296":"e","297":",","298":"y","299":"B","300":"A","301":"A","302":"e","303":",","304":"E","305":"A","306":"A","307":"C","308":";","309":"E","310":"A","311":"C","312":"7","313":"B","314":",","315":"I","316":"A","317":"A","318":"I","319":",","320":"E","321":"A","322":"A","323":"E","324":",","325":"e","326":"A","327":"A","328":"e","329":";","330":"E","331":"A","332":"C","333":"r","334":"B","335":",","336":"U","337":"A","338":"A","339":"U","340":",","341":"E","342":"A","343":"A","344":"E","345":";","346":"I","347":"A","348":"C","349":"V","350":",","351":"W","352":"A","353":"A","354":"W","355":";","356":"I","357":"A","358":"C","359":"X","360":",","361":"c","362":"A","363":"A","364":"c","365":";","366":"G","367":"A","368":"C","369":"f","370":";","371":"E","372":"A","373":"C","374":"D","375":",","376":"I","377":"A","378":"A","379":"I","380":",","381":"E","382":"A","383":"A","384":"J","385":";","386":"I","387":"A","388":"C","389":"E","390":",","391":"O","392":"A","393":"A","394":"O","395":";","396":"M","397":"A","398":"C","399":"L","400":",","401":"W","402":"A","403":"A","404":"W","405":",","406":"E","407":"A","408":"A","409":"E","410":",","411":"E","412":"A","413":"A","414":"E","415":";","416":"M","417":"A","418":"C","419":"f","420":",","421":"I","422":"A","423":"A","424":"I","425":",","426":"E","427":"A","428":"A","429":"E","430":",","431":"E","432":"A","433":"A","434":"E","435":";","436":"M","437":"A","438":"C","439":"R","440":",","441":"U","442":"A","443":"A","444":"U","445":",","446":"E","447":"A","448":"A","449":"E","450":";","451":"K","452":"A","453":"C","454":"b","455":";","456":"E","457":"A","458":"C","459":"H","460":",","461":"C","462":"A","463":"A","464":"C","465":";","466":"E","467":"A","468":"E","469":"D","470":",","471":"O","472":"A","473":"A","474":"O","475":",","476":"E","477":"A","478":"A","479":"E","480":";","481":"I","482":"A","483":"C","484":"P","485":",","486":"W","487":"A","488":"A","489":"W","490":";","491":"M","492":"A","493":"C","494":"T","495":",","496":"I","497":"A","498":"A","499":"I","500":",","501":"C","502":"A","503":"A","504":"C","505":",","506":"I","507":"A","508":"A","509":"I","510":",","511":"G","512":"A","513":"A","514":"G","515":",","516":"I","517":"A","518":"A","519":"I","520":",","521":"C","522":"A","523":"A","524":"C","525":",","526":"W","527":"A","528":"A","529":"W","530":";","531":"I","532":"A","533":"C","534":"9","535":"B","536":",","537":"C","538":"A","539":"A","540":"C","541":";","542":"I","543":"A","544":"C","545":"K","546":",","547":"e","548":"A","549":"A","550":"e","551":";","552":";","553":";","554":";","555":";","556":";","557":";","558":"c","559":"A","560":"E","561":"X","562":",","563":"G","564":"A","565":"A","566":"G","567":",","568":"G","569":"A","570":"A","571":"G","572":",","573":"m","574":"B","575":"A","576":"A","577":"S","578":",","579":"G","580":"A","581":"A","582":"G","583":",","584":"I","585":"A","586":"A","587":"I","588":",","589":"C","590":"A","591":"A","592":"C","593":",","594":"W","595":"A","596":"A","597":"W","598":";","599":"c","600":"A","601":"C","602":"z","603":"B","604":",","605":"q","606":"B","607":"A","608":"A","609":"M","610":",","611":"e","612":"A","613":"A","614":"K","615":",","616":"C","617":"A","618":"A","619":"C","620":",","621":"G","622":"A","623":"A","624":"G","625":",","626":"C","627":"A","628":"A","629":"C","630":",","631":"G","632":"A","633":"A","634":"G","635":",","636":"C","637":"A","638":"A","639":"C","640":";","641":";","642":"c","643":"A","644":"A","645":"7","646":"B","647":",","648":"M","649":"A","650":"A","651":"M","652":",","653":"G","654":"A","655":"A","656":"G","657":",","658":"S","659":"A","660":"A","661":"o","662":"B","663":";","664":"c","665":"A","666":"C","667":"t","668":"B","669":",","670":"q","671":"B","672":"A","673":"A","674":"M","675":",","676":"M","677":"A","678":"A","679":"M","680":",","681":"C","682":"A","683":"A","684":"C","685":",","686":"I","687":"A","688":"A","689":"I","690":";","691":";","692":"c","693":"A","694":"A","695":"x","696":"B","697":",","698":"I","699":"A","700":"A","701":"I","702":",","703":"G","704":"A","705":"A","706":"G","707":",","708":"S","709":"A","710":"A","711":"i","712":"B","713":";","714":"c","715":"A","716":"C","717":"9","718":"B","719":",","720":"I","721":"A","722":"A","723":"I","724":",","725":"C","726":"A","727":"A","728":"C","729":",","730":"U","731":"A","732":"A","733":"U","734":",","735":"G","736":"A","737":"A","738":"G","739":",","740":"I","741":"A","742":"A","743":"I","744":";","745":";","746":";","747":";","748":"c","749":"A","750":"E","751":"t","752":"B","753":",","754":"O","755":"A","756":"A","757":"O","758":",","759":"C","760":"A","761":"A","762":"C","763":",","764":"G","765":"A","766":"A","767":"G","768":",","769":"C","770":"A","771":"A","772":"C","773":",","774":"O","775":"A","776":"A","777":"K","778":",","779":"C","780":"A","781":"A","782":"C","783":";","784":";","785":";","786":";","787":";","788":";","789":";","790":";","791":";","792":"C","793":"A","794":"I","795":"z","796":"B","797":",","798":"C","799":"A","800":"A","801":"C","802":"\"","803":",","804":"\"","805":"f","806":"i","807":"l","808":"e","809":"\"","810":":","811":"\"","812":"/","813":"U","814":"s","815":"e","816":"r","817":"s","818":"/","819":"m","820":"a","821":"c","822":"b","823":"o","824":"o","825":"k","826":"a","827":"i","828":"r","829":"/","830":"D","831":"e","832":"s","833":"k","834":"t","835":"o","836":"p","837":"/","838":"m","839":"y","840":"P","841":"r","842":"o","843":"j","844":"e","845":"c","846":"t","847":"/","848":"T","849":"V","850":"-","851":"s","852":"h","853":"o","854":"w","855":"/","856":"s","857":"r","858":"c","859":"/","860":"c","861":"o","862":"m","863":"p","864":"o","865":"n","866":"e","867":"n","868":"t","869":"s","870":"/","871":"t","872":"v","873":"-","874":"s","875":"h","876":"o","877":"w","878":"/","879":"D","880":"a","881":"s","882":"h","883":"b","884":"o","885":"r","886":"d","887":"C","888":"o","889":"m","890":"p","891":".","892":"v","893":"u","894":"e","895":"\"","896":",","897":"\"","898":"s","899":"o","900":"u","901":"r","902":"c","903":"e","904":"s","905":"C","906":"o","907":"n","908":"t","909":"e","910":"n","911":"t","912":"\"","913":":","914":"[","915":"\"","916":"<","917":"!","918":"-","919":"-","920":" ","921":"e","922":"s","923":"l","924":"i","925":"n","926":"t","927":"-","928":"d","929":"i","930":"s","931":"a","932":"b","933":"l","934":"e","935":" ","936":"v","937":"u","938":"e","939":"/","940":"m","941":"u","942":"l","943":"t","944":"i","945":"-","946":"w","947":"o","948":"r","949":"d","950":"-","951":"c","952":"o","953":"m","954":"p","955":"o","956":"n","957":"e","958":"n","959":"t","960":"-","961":"n","962":"a","963":"m","964":"e","965":"s","966":" ","967":"-","968":"-","969":">","970":"\\","971":"n","972":"<","973":"t","974":"e","975":"m","976":"p","977":"l","978":"a","979":"t","980":"e","981":">","982":"\\","983":"n","984":" ","985":" ","986":"<","987":"d","988":"i","989":"v","990":" ","991":"c","992":"l","993":"a","994":"s","995":"s","996":"=","997":"\\","998":"\"","999":"c","1000":"o","1001":"n","1002":"t","1003":"a","1004":"i","1005":"n","1006":"e","1007":"r","1008":"\\","1009":"\"","1010":">","1011":"\\","1012":"n","1013":" ","1014":" ","1015":" ","1016":" ","1017":"<","1018":"d","1019":"i","1020":"v","1021":" ","1022":"c","1023":"l","1024":"a","1025":"s","1026":"s","1027":"=","1028":"\\","1029":"\"","1030":"i","1031":"n","1032":"p","1033":"u","1034":"t","1035":"-","1036":"g","1037":"r","1038":"o","1039":"u","1040":"p","1041":" ","1042":"m","1043":"y","1044":"-","1045":"3","1046":"\\","1047":"\"","1048":">","1049":"\\","1050":"n","1051":" ","1052":" ","1053":" ","1054":" ","1055":" ","1056":" ","1057":"<","1058":"i","1059":"n","1060":"p","1061":"u","1062":"t","1063":"\\","1064":"n","1065":" ","1066":" ","1067":" ","1068":" ","1069":" ","1070":" ","1071":" ","1072":" ","1073":"t","1074":"y","1075":"p","1076":"e","1077":"=","1078":"\\","1079":"\"","1080":"t","1081":"e","1082":"x","1083":"t","1084":"\\","1085":"\"","1086":"\\","1087":"n","1088":" ","1089":" ","1090":" ","1091":" ","1092":" ","1093":" ","1094":" ","1095":" ","1096":"c","1097":"l","1098":"a","1099":"s","1100":"s","1101":"=","1102":"\\","1103":"\"","1104":"f","1105":"o","1106":"r","1107":"m","1108":"-","1109":"c","1110":"o","1111":"n","1112":"t","1113":"r","1114":"o","1115":"l","1116":"\\","1117":"\"","1118":"\\","1119":"n","1120":" ","1121":" ","1122":" ","1123":" ","1124":" ","1125":" ","1126":" ","1127":" ","1128":"p","1129":"l","1130":"a","1131":"c","1132":"e","1133":"h","1134":"o","1135":"l","1136":"d","1137":"e","1138":"r","1139":"=","1140":"\\","1141":"\"","1142":"E","1143":"n","1144":"t","1145":"e","1146":"r","1147":" ","1148":"a","1149":" ","1150":"T","1151":"v","1152":" ","1153":"s","1154":"h","1155":"o","1156":"w","1157":"\\","1158":"\"","1159":"\\","1160":"n","1161":" ","1162":" ","1163":" ","1164":" ","1165":" ","1166":" ","1167":" ","1168":" ","1169":"a","1170":"r","1171":"i","1172":"a","1173":"-","1174":"l","1175":"a","1176":"b","1177":"e","1178":"l","1179":"=","1180":"\\","1181":"\"","1182":"T","1183":"v","1184":" ","1185":"s","1186":"h","1187":"o","1188":"w","1189":"\\","1190":"\"","1191":"\\","1192":"n","1193":" ","1194":" ","1195":" ","1196":" ","1197":" ","1198":" ","1199":" ","1200":" ","1201":"a","1202":"r","1203":"i","1204":"a","1205":"-","1206":"d","1207":"e","1208":"s","1209":"c","1210":"r","1211":"i","1212":"b","1213":"e","1214":"d","1215":"b","1216":"y","1217":"=","1218":"\\","1219":"\"","1220":"b","1221":"u","1222":"t","1223":"t","1224":"o","1225":"n","1226":"-","1227":"a","1228":"d","1229":"d","1230":"o","1231":"n","1232":"2","1233":"\\","1234":"\"","1235":"\\","1236":"n","1237":" ","1238":" ","1239":" ","1240":" ","1241":" ","1242":" ","1243":" ","1244":" ","1245":"v","1246":"-","1247":"m","1248":"o","1249":"d","1250":"e","1251":"l","1252":".","1253":"l","1254":"a","1255":"z","1256":"y","1257":"=","1258":"\\","1259":"\"","1260":"s","1261":"e","1262":"a","1263":"r","1264":"c","1265":"h","1266":"I","1267":"n","1268":"p","1269":"u","1270":"t","1271":"\\","1272":"\"","1273":"\\","1274":"n","1275":" ","1276":" ","1277":" ","1278":" ","1279":" ","1280":" ","1281":"/","1282":">","1283":"\\","1284":"n","1285":" ","1286":" ","1287":" ","1288":" ","1289":" ","1290":" ","1291":"<","1292":"b","1293":"u","1294":"t","1295":"t","1296":"o","1297":"n","1298":" ","1299":"c","1300":"l","1301":"a","1302":"s","1303":"s","1304":"=","1305":"\\","1306":"\"","1307":"b","1308":"t","1309":"n","1310":" ","1311":"b","1312":"t","1313":"n","1314":"-","1315":"o","1316":"u","1317":"t","1318":"l","1319":"i","1320":"n","1321":"e","1322":"-","1323":"s","1324":"e","1325":"c","1326":"o","1327":"n","1328":"d","1329":"a","1330":"r","1331":"y","1332":"\\","1333":"\"","1334":" ","1335":"t","1336":"y","1337":"p","1338":"e","1339":"=","1340":"\\","1341":"\"","1342":"b","1343":"u","1344":"t","1345":"t","1346":"o","1347":"n","1348":"\\","1349":"\"","1350":" ","1351":"i","1352":"d","1353":"=","1354":"\\","1355":"\"","1356":"b","1357":"u","1358":"t","1359":"t","1360":"o","1361":"n","1362":"-","1363":"a","1364":"d","1365":"d","1366":"o","1367":"n","1368":"2","1369":"\\","1370":"\"","1371":" ","1372":"@","1373":"c","1374":"l","1375":"i","1376":"c","1377":"k","1378":"=","1379":"\\","1380":"\"","1381":"g","1382":"e","1383":"t","1384":"S","1385":"e","1386":"a","1387":"r","1388":"c","1389":"h","1390":"R","1391":"e","1392":"s","1393":"u","1394":"l","1395":"t","1396":"\\","1397":"\"","1398":" ","1399":"d","1400":"a","1401":"t","1402":"a","1403":"-","1404":"t","1405":"e","1406":"s","1407":"t","1408":"=","1409":"\\","1410":"\"","1411":"b","1412":"t","1413":"n","1414":"\\","1415":"\"","1416":">","1417":"\\","1418":"n","1419":" ","1420":" ","1421":" ","1422":" ","1423":" ","1424":" ","1425":"<","1426":"s","1427":"v","1428":"g","1429":"\\","1430":"n","1431":" ","1432":" ","1433":" ","1434":" ","1435":" ","1436":" ","1437":" ","1438":" ","1439":"x","1440":"m","1441":"l","1442":"n","1443":"s","1444":"=","1445":"\\","1446":"\"","1447":"h","1448":"t","1449":"t","1450":"p","1451":":","1452":"/","1453":"/","1454":"w","1455":"w","1456":"w","1457":".","1458":"w","1459":"3","1460":".","1461":"o","1462":"r","1463":"g","1464":"/","1465":"2","1466":"0","1467":"0","1468":"0","1469":"/","1470":"s","1471":"v","1472":"g","1473":"\\","1474":"\"","1475":"\\","1476":"n","1477":" ","1478":" ","1479":" ","1480":" ","1481":" ","1482":" ","1483":" ","1484":" ","1485":"w","1486":"i","1487":"d","1488":"t","1489":"h","1490":"=","1491":"\\","1492":"\"","1493":"1","1494":"6","1495":"\\","1496":"\"","1497":"\\","1498":"n","1499":" ","1500":" ","1501":" ","1502":" ","1503":" ","1504":" ","1505":" ","1506":" ","1507":"h","1508":"e","1509":"i","1510":"g","1511":"h","1512":"t","1513":"=","1514":"\\","1515":"\"","1516":"1","1517":"6","1518":"\\","1519":"\"","1520":"\\","1521":"n","1522":" ","1523":" ","1524":" ","1525":" ","1526":" ","1527":" ","1528":" ","1529":" ","1530":"f","1531":"i","1532":"l","1533":"l","1534":"=","1535":"\\","1536":"\"","1537":"c","1538":"u","1539":"r","1540":"r","1541":"e","1542":"n","1543":"t","1544":"C","1545":"o","1546":"l","1547":"o","1548":"r","1549":"\\","1550":"\"","1551":"\\","1552":"n","1553":" ","1554":" ","1555":" ","1556":" ","1557":" ","1558":" ","1559":" ","1560":" ","1561":"c","1562":"l","1563":"a","1564":"s","1565":"s","1566":"=","1567":"\\","1568":"\"","1569":"b","1570":"i","1571":" ","1572":"b","1573":"i","1574":"-","1575":"s","1576":"e","1577":"a","1578":"r","1579":"c","1580":"h","1581":"\\","1582":"\"","1583":"\\","1584":"n","1585":" ","1586":" ","1587":" ","1588":" ","1589":" ","1590":" ","1591":" ","1592":" ","1593":"v","1594":"i","1595":"e","1596":"w","1597":"B","1598":"o","1599":"x","1600":"=","1601":"\\","1602":"\"","1603":"0","1604":" ","1605":"0","1606":" ","1607":"1","1608":"6","1609":" ","1610":"1","1611":"6","1612":"\\","1613":"\"","1614":"\\","1615":"n","1616":" ","1617":" ","1618":" ","1619":" ","1620":" ","1621":" ","1622":">","1623":"\\","1624":"n","1625":" ","1626":" ","1627":" ","1628":" ","1629":" ","1630":" ","1631":" ","1632":" ","1633":"<","1634":"p","1635":"a","1636":"t","1637":"h","1638":"\\","1639":"n","1640":" ","1641":" ","1642":" ","1643":" ","1644":" ","1645":" ","1646":" ","1647":" ","1648":" ","1649":" ","1650":"d","1651":"=","1652":"\\","1653":"\"","1654":"M","1655":"1","1656":"1","1657":".","1658":"7","1659":"4","1660":"2","1661":" ","1662":"1","1663":"0","1664":".","1665":"3","1666":"4","1667":"4","1668":"a","1669":"6","1670":".","1671":"5","1672":" ","1673":"6","1674":".","1675":"5","1676":" ","1677":"0","1678":" ","1679":"1","1680":" ","1681":"0","1682":"-","1683":"1","1684":".","1685":"3","1686":"9","1687":"7","1688":" ","1689":"1","1690":".","1691":"3","1692":"9","1693":"8","1694":"h","1695":"-","1696":".","1697":"0","1698":"0","1699":"1","1700":"q","1701":".","1702":"0","1703":"4","1704":"4","1705":".","1706":"0","1707":"6","1708":".","1709":"0","1710":"9","1711":"8","1712":".","1713":"1","1714":"1","1715":"5","1716":"l","1717":"3","1718":".","1719":"8","1720":"5","1721":" ","1722":"3","1723":".","1724":"8","1725":"5","1726":"a","1727":"1","1728":" ","1729":"1","1730":" ","1731":"0","1732":" ","1733":"0","1734":" ","1735":"0","1736":" ","1737":"1","1738":".","1739":"4","1740":"1","1741":"5","1742":"-","1743":"1","1744":".","1745":"4","1746":"1","1747":"4","1748":"l","1749":"-","1750":"3","1751":".","1752":"8","1753":"5","1754":"-","1755":"3","1756":".","1757":"8","1758":"5","1759":"a","1760":"1","1761":" ","1762":"1","1763":" ","1764":"0","1765":" ","1766":"0","1767":" ","1768":"0","1769":"-","1770":".","1771":"1","1772":"1","1773":"5","1774":"-","1775":".","1776":"1","1777":"z","1778":"M","1779":"1","1780":"2","1781":" ","1782":"6","1783":".","1784":"5","1785":"a","1786":"5","1787":".","1788":"5","1789":" ","1790":"5","1791":".","1792":"5","1793":" ","1794":"0","1795":" ","1796":"1","1797":" ","1798":"1","1799":"-","1800":"1","1801":"1","1802":" ","1803":"0","1804":" ","1805":"5","1806":".","1807":"5","1808":" ","1809":"5","1810":".","1811":"5","1812":" ","1813":"0","1814":" ","1815":"0","1816":" ","1817":"1","1818":" ","1819":"1","1820":"1","1821":" ","1822":"0","1823":"\\","1824":"\"","1825":"\\","1826":"n","1827":" ","1828":" ","1829":" ","1830":" ","1831":" ","1832":" ","1833":" ","1834":" ","1835":"/","1836":">","1837":"\\","1838":"n","1839":" ","1840":" ","1841":" ","1842":" ","1843":" ","1844":" ","1845":"<","1846":"/","1847":"s","1848":"v","1849":"g","1850":">","1851":"\\","1852":"n","1853":" ","1854":" ","1855":" ","1856":" ","1857":"<","1858":"/","1859":"b","1860":"u","1861":"t","1862":"t","1863":"o","1864":"n","1865":">","1866":"\\","1867":"n","1868":" ","1869":" ","1870":" ","1871":" ","1872":"<","1873":"/","1874":"d","1875":"i","1876":"v","1877":">","1878":"\\","1879":"n","1880":" ","1881":" ","1882":" ","1883":" ","1884":"\\","1885":"n","1886":" ","1887":" ","1888":"<","1889":"/","1890":"d","1891":"i","1892":"v","1893":">","1894":"\\","1895":"n","1896":" ","1897":" ","1898":"\\","1899":"n","1900":" ","1901":" ","1902":"<","1903":"d","1904":"i","1905":"v","1906":" ","1907":"v","1908":"-","1909":"i","1910":"f","1911":"=","1912":"\\","1913":"\"","1914":"s","1915":"e","1916":"a","1917":"r","1918":"c","1919":"h","1920":"I","1921":"n","1922":"p","1923":"u","1924":"t","1925":" ","1926":"&","1927":"&","1928":" ","1929":"(","1930":"s","1931":"e","1932":"a","1933":"r","1934":"c","1935":"h","1936":"D","1937":"a","1938":"t","1939":"a","1940":".","1941":"l","1942":"e","1943":"n","1944":"g","1945":"t","1946":"h","1947":" ","1948":">","1949":" ","1950":"0","1951":" ","1952":"&","1953":"&","1954":" ","1955":"s","1956":"e","1957":"a","1958":"r","1959":"c","1960":"h","1961":"D","1962":"a","1963":"t","1964":"a","1965":" ","1966":"!","1967":"=","1968":" ","1969":"u","1970":"n","1971":"d","1972":"e","1973":"f","1974":"i","1975":"n","1976":"e","1977":"d","1978":")","1979":"\\","1980":"\"","1981":">","1982":"\\","1983":"n","1984":" ","1985":" ","1986":" ","1987":" ","1988":"<","1989":"S","1990":"h","1991":"o","1992":"w","1993":"s","1994":"B","1995":"y","1996":"N","1997":"a","1998":"m","1999":"e","2000":"V","2001":"u","2002":"e","2003":" ","2004":":","2005":"s","2006":"h","2007":"o","2008":"w","2009":"N","2010":"a","2011":"m","2012":"e","2013":"=","2014":"\\","2015":"\"","2016":"s","2017":"e","2018":"a","2019":"r","2020":"c","2021":"h","2022":"D","2023":"a","2024":"t","2025":"a","2026":"\\","2027":"\"","2028":" ","2029":"/","2030":">","2031":"\\","2032":"n","2033":" ","2034":" ","2035":"<","2036":"/","2037":"d","2038":"i","2039":"v","2040":">","2041":"\\","2042":"n","2043":" ","2044":" ","2045":"<","2046":"d","2047":"i","2048":"v","2049":" ","2050":"v","2051":"-","2052":"e","2053":"l","2054":"s","2055":"e","2056":">","2057":"\\","2058":"n","2059":" ","2060":" ","2061":" ","2062":" ","2063":"<","2064":"T","2065":"v","2066":"S","2067":"h","2068":"o","2069":"w","2070":"s","2071":"L","2072":"i","2073":"s","2074":"t","2075":" ","2076":"/","2077":">","2078":"\\","2079":"n","2080":" ","2081":" ","2082":"<","2083":"/","2084":"d","2085":"i","2086":"v","2087":">","2088":"\\","2089":"n","2090":"<","2091":"/","2092":"t","2093":"e","2094":"m","2095":"p","2096":"l","2097":"a","2098":"t","2099":"e","2100":">","2101":"\\","2102":"n","2103":"\\","2104":"n","2105":"<","2106":"s","2107":"c","2108":"r","2109":"i","2110":"p","2111":"t","2112":" ","2113":"l","2114":"a","2115":"n","2116":"g","2117":"=","2118":"\\","2119":"\"","2120":"t","2121":"s","2122":"\\","2123":"\"","2124":">","2125":"\\","2126":"n","2127":"i","2128":"m","2129":"p","2130":"o","2131":"r","2132":"t","2133":" ","2134":"{","2135":" ","2136":"d","2137":"e","2138":"f","2139":"i","2140":"n","2141":"e","2142":"C","2143":"o","2144":"m","2145":"p","2146":"o","2147":"n","2148":"e","2149":"n","2150":"t","2151":" ","2152":"}","2153":" ","2154":"f","2155":"r","2156":"o","2157":"m","2158":" ","2159":"'","2160":"v","2161":"u","2162":"e","2163":"'","2164":"\\","2165":"n","2166":"i","2167":"m","2168":"p","2169":"o","2170":"r","2171":"t","2172":" ","2173":"T","2174":"v","2175":"S","2176":"h","2177":"o","2178":"w","2179":"s","2180":"L","2181":"i","2182":"s","2183":"t","2184":" ","2185":"f","2186":"r","2187":"o","2188":"m","2189":" ","2190":"'","2191":"@","2192":"/","2193":"c","2194":"o","2195":"m","2196":"p","2197":"o","2198":"n","2199":"e","2200":"n","2201":"t","2202":"s","2203":"/","2204":"t","2205":"v","2206":"-","2207":"s","2208":"h","2209":"o","2210":"w","2211":"/","2212":"T","2213":"v","2214":"S","2215":"h","2216":"o","2217":"w","2218":"s","2219":"L","2220":"i","2221":"s","2222":"t","2223":".","2224":"v","2225":"u","2226":"e","2227":"'","2228":";","2229":"\\","2230":"n","2231":"i","2232":"m","2233":"p","2234":"o","2235":"r","2236":"t","2237":" ","2238":"S","2239":"h","2240":"o","2241":"w","2242":"s","2243":"B","2244":"y","2245":"N","2246":"a","2247":"m","2248":"e","2249":"V","2250":"u","2251":"e","2252":" ","2253":"f","2254":"r","2255":"o","2256":"m","2257":" ","2258":"'","2259":"@","2260":"/","2261":"c","2262":"o","2263":"m","2264":"p","2265":"o","2266":"n","2267":"e","2268":"n","2269":"t","2270":"s","2271":"/","2272":"t","2273":"v","2274":"-","2275":"s","2276":"h","2277":"o","2278":"w","2279":"/","2280":"S","2281":"h","2282":"o","2283":"w","2284":"s","2285":"B","2286":"y","2287":"N","2288":"a","2289":"m","2290":"e","2291":".","2292":"v","2293":"u","2294":"e","2295":"'","2296":";","2297":"\\","2298":"n","2299":"i","2300":"m","2301":"p","2302":"o","2303":"r","2304":"t","2305":" ","2306":"{","2307":" ","2308":"s","2309":"e","2310":"a","2311":"r","2312":"c","2313":"h","2314":"U","2315":"r","2316":"l","2317":" ","2318":"}","2319":" ","2320":"f","2321":"r","2322":"o","2323":"m","2324":" ","2325":"'","2326":".","2327":".","2328":"/","2329":".","2330":".","2331":"/","2332":"u","2333":"t","2334":"i","2335":"l","2336":"s","2337":"/","2338":"a","2339":"p","2340":"i","2341":"D","2342":"a","2343":"t","2344":"a","2345":"'","2346":"\\","2347":"n","2348":"i","2349":"m","2350":"p","2351":"o","2352":"r","2353":"t","2354":" ","2355":"a","2356":"x","2357":"i","2358":"o","2359":"s","2360":" ","2361":"f","2362":"r","2363":"o","2364":"m","2365":" ","2366":"'","2367":"a","2368":"x","2369":"i","2370":"o","2371":"s","2372":"'","2373":"\\","2374":"n","2375":"i","2376":"m","2377":"p","2378":"o","2379":"r","2380":"t","2381":" ","2382":"{","2383":" ","2384":"S","2385":"e","2386":"a","2387":"r","2388":"c","2389":"h","2390":"e","2391":"d","2392":"T","2393":"v","2394":"S","2395":"h","2396":"o","2397":"w","2398":" ","2399":"}","2400":" ","2401":"f","2402":"r","2403":"o","2404":"m","2405":" ","2406":"'","2407":"@","2408":"/","2409":"t","2410":"y","2411":"p","2412":"e","2413":"s","2414":"/","2415":"t","2416":"v","2417":"-","2418":"s","2419":"h","2420":"o","2421":"w","2422":"s","2423":"'","2424":";","2425":"\\","2426":"n","2427":"\\","2428":"n","2429":"\\","2430":"n","2431":"e","2432":"x","2433":"p","2434":"o","2435":"r","2436":"t","2437":" ","2438":"d","2439":"e","2440":"f","2441":"a","2442":"u","2443":"l","2444":"t","2445":" ","2446":"d","2447":"e","2448":"f","2449":"i","2450":"n","2451":"e","2452":"C","2453":"o","2454":"m","2455":"p","2456":"o","2457":"n","2458":"e","2459":"n","2460":"t","2461":"(","2462":"{","2463":"\\","2464":"n","2465":" ","2466":" ","2467":"n","2468":"a","2469":"m","2470":"e","2471":":","2472":" ","2473":"'","2474":"D","2475":"a","2476":"s","2477":"h","2478":"b","2479":"o","2480":"a","2481":"r","2482":"d","2483":"C","2484":"o","2485":"m","2486":"p","2487":"'","2488":",","2489":"\\","2490":"n","2491":" ","2492":" ","2493":"c","2494":"o","2495":"m","2496":"p","2497":"o","2498":"n","2499":"e","2500":"n","2501":"t","2502":"s","2503":":","2504":" ","2505":"{","2506":"\\","2507":"n","2508":" ","2509":" ","2510":" ","2511":" ","2512":"T","2513":"v","2514":"S","2515":"h","2516":"o","2517":"w","2518":"s","2519":"L","2520":"i","2521":"s","2522":"t","2523":",","2524":"\\","2525":"n","2526":" ","2527":" ","2528":" ","2529":" ","2530":"S","2531":"h","2532":"o","2533":"w","2534":"s","2535":"B","2536":"y","2537":"N","2538":"a","2539":"m","2540":"e","2541":"V","2542":"u","2543":"e","2544":"\\","2545":"n","2546":" ","2547":" ","2548":"}","2549":",","2550":"\\","2551":"n","2552":" ","2553":" ","2554":"d","2555":"a","2556":"t","2557":"a","2558":"(","2559":")","2560":" ","2561":"{","2562":"\\","2563":"n","2564":" ","2565":" ","2566":" ","2567":" ","2568":"r","2569":"e","2570":"t","2571":"u","2572":"r","2573":"n","2574":" ","2575":"{","2576":"\\","2577":"n","2578":" ","2579":" ","2580":" ","2581":" ","2582":" ","2583":" ","2584":"s","2585":"e","2586":"a","2587":"r","2588":"c","2589":"h","2590":"I","2591":"n","2592":"p","2593":"u","2594":"t","2595":":","2596":" ","2597":"'","2598":"'","2599":",","2600":"\\","2601":"n","2602":" ","2603":" ","2604":" ","2605":" ","2606":" ","2607":" ","2608":"n","2609":"a","2610":"m","2611":"e","2612":":","2613":" ","2614":"'","2615":"'","2616":",","2617":"\\","2618":"n","2619":" ","2620":" ","2621":" ","2622":" ","2623":" ","2624":" ","2625":"s","2626":"e","2627":"a","2628":"r","2629":"c","2630":"h","2631":"D","2632":"a","2633":"t","2634":"a","2635":":","2636":" ","2637":"[","2638":"]","2639":" ","2640":"a","2641":"s","2642":" ","2643":"S","2644":"e","2645":"a","2646":"r","2647":"c","2648":"h","2649":"e","2650":"d","2651":"T","2652":"v","2653":"S","2654":"h","2655":"o","2656":"w","2657":"[","2658":"]","2659":",","2660":"\\","2661":"n","2662":" ","2663":" ","2664":" ","2665":" ","2666":"}","2667":"\\","2668":"n","2669":" ","2670":" ","2671":"}","2672":",","2673":"\\","2674":"n","2675":"\\","2676":"n","2677":" ","2678":" ","2679":"m","2680":"e","2681":"t","2682":"h","2683":"o","2684":"d","2685":"s","2686":":","2687":" ","2688":"{","2689":"\\","2690":"n","2691":" ","2692":" ","2693":" ","2694":" ","2695":"h","2696":"a","2697":"n","2698":"d","2699":"l","2700":"e","2701":"C","2702":"l","2703":"i","2704":"c","2705":"k","2706":"(","2707":")","2708":" ","2709":"{","2710":"\\","2711":"n","2712":" ","2713":" ","2714":" ","2715":" ","2716":" ","2717":" ","2718":"t","2719":"h","2720":"i","2721":"s","2722":".","2723":"n","2724":"a","2725":"m","2726":"e","2727":" ","2728":"=","2729":" ","2730":"t","2731":"h","2732":"i","2733":"s","2734":".","2735":"s","2736":"e","2737":"a","2738":"r","2739":"c","2740":"h","2741":"I","2742":"n","2743":"p","2744":"u","2745":"t","2746":"\\","2747":"n","2748":" ","2749":" ","2750":" ","2751":" ","2752":"}","2753":",","2754":"\\","2755":"n","2756":" ","2757":" ","2758":" ","2759":" ","2760":"a","2761":"s","2762":"y","2763":"n","2764":"c","2765":" ","2766":"g","2767":"e","2768":"t","2769":"S","2770":"e","2771":"a","2772":"r","2773":"c","2774":"h","2775":"R","2776":"e","2777":"s","2778":"u","2779":"l","2780":"t","2781":"(","2782":")","2783":" ","2784":"{","2785":"\\","2786":"n","2787":" ","2788":" ","2789":" ","2790":" ","2791":" ","2792":" ","2793":"t","2794":"r","2795":"y","2796":" ","2797":"{","2798":"\\","2799":"n","2800":" ","2801":" ","2802":" ","2803":" ","2804":" ","2805":" ","2806":" ","2807":" ","2808":"c","2809":"o","2810":"n","2811":"s","2812":"t","2813":" ","2814":"u","2815":"r","2816":"l","2817":" ","2818":"=","2819":" ","2820":"s","2821":"e","2822":"a","2823":"r","2824":"c","2825":"h","2826":"U","2827":"r","2828":"l","2829":" ","2830":"+","2831":" ","2832":"t","2833":"h","2834":"i","2835":"s","2836":".","2837":"s","2838":"e","2839":"a","2840":"r","2841":"c","2842":"h","2843":"I","2844":"n","2845":"p","2846":"u","2847":"t","2848":"\\","2849":"n","2850":" ","2851":" ","2852":" ","2853":" ","2854":" ","2855":" ","2856":" ","2857":" ","2858":"c","2859":"o","2860":"n","2861":"s","2862":"t","2863":" ","2864":"r","2865":"e","2866":"s","2867":"u","2868":"l","2869":"t","2870":" ","2871":"=","2872":" ","2873":"a","2874":"w","2875":"a","2876":"i","2877":"t","2878":" ","2879":"a","2880":"x","2881":"i","2882":"o","2883":"s","2884":".","2885":"g","2886":"e","2887":"t","2888":"(","2889":"u","2890":"r","2891":"l","2892":")","2893":"\\","2894":"n","2895":" ","2896":" ","2897":" ","2898":" ","2899":" ","2900":" ","2901":" ","2902":" ","2903":"c","2904":"o","2905":"n","2906":"s","2907":"t","2908":" ","2909":"d","2910":"a","2911":"t","2912":"a","2913":" ","2914":"=","2915":" ","2916":"a","2917":"w","2918":"a","2919":"i","2920":"t","2921":" ","2922":"r","2923":"e","2924":"s","2925":"u","2926":"l","2927":"t","2928":".","2929":"d","2930":"a","2931":"t","2932":"a","2933":"\\","2934":"n","2935":" ","2936":" ","2937":" ","2938":" ","2939":" ","2940":" ","2941":" ","2942":" ","2943":"t","2944":"h","2945":"i","2946":"s","2947":".","2948":"s","2949":"e","2950":"a","2951":"r","2952":"c","2953":"h","2954":"D","2955":"a","2956":"t","2957":"a","2958":" ","2959":"=","2960":" ","2961":"d","2962":"a","2963":"t","2964":"a","2965":"\\","2966":"n","2967":" ","2968":" ","2969":" ","2970":" ","2971":" ","2972":" ","2973":"}","2974":" ","2975":"c","2976":"a","2977":"t","2978":"c","2979":"h","2980":" ","2981":"(","2982":"e","2983":"r","2984":"r","2985":"o","2986":"r","2987":")","2988":" ","2989":"{","2990":"\\","2991":"n","2992":" ","2993":" ","2994":" ","2995":" ","2996":" ","2997":" ","2998":" ","2999":" ","3000":"c","3001":"o","3002":"n","3003":"s","3004":"o","3005":"l","3006":"e","3007":".","3008":"l","3009":"o","3010":"g","3011":"(","3012":"e","3013":"r","3014":"r","3015":"o","3016":"r","3017":")","3018":"\\","3019":"n","3020":" ","3021":" ","3022":" ","3023":" ","3024":" ","3025":" ","3026":"}","3027":"\\","3028":"n","3029":" ","3030":" ","3031":" ","3032":" ","3033":"}","3034":"\\","3035":"n","3036":" ","3037":" ","3038":"}","3039":"\\","3040":"n","3041":"}","3042":")","3043":"\\","3044":"n","3045":"<","3046":"/","3047":"s","3048":"c","3049":"r","3050":"i","3051":"p","3052":"t","3053":">","3054":"\\","3055":"n","3056":"\\","3057":"n","3058":"<","3059":"s","3060":"t","3061":"y","3062":"l","3063":"e","3064":" ","3065":"s","3066":"c","3067":"o","3068":"p","3069":"e","3070":"d","3071":">","3072":"<","3073":"/","3074":"s","3075":"t","3076":"y","3077":"l","3078":"e","3079":">","3080":"\\","3081":"n","3082":"\"","3083":"]","3084":"}"},"_coverageSchema":"1a1c01bbd47fc00a2c39e90264f33305004495a9","hash":"1a54b1f2de56ec2195863067bb7f8fbc84faa6d7"}
,"/Users/macbookair/Desktop/myProject/TV-show/src/components/tv-show/ShowsByName.vue": {"path":"/Users/macbookair/Desktop/myProject/TV-show/src/components/tv-show/ShowsByName.vue","statementMap":{"0":{"start":{"line":3,"column":0},"end":{"line":5,"column":3}},"1":{"start":{"line":6,"column":12},"end":{"line":6,"column":26}},"2":{"start":{"line":7,"column":0},"end":{"line":24,"column":3}},"3":{"start":{"line":16,"column":4},"end":{"line":18,"column":6}},"4":{"start":{"line":21,"column":4},"end":{"line":21,"column":36}},"5":{"start":{"line":25,"column":0},"end":{"line":25,"column":13}},"6":{"start":{"line":26,"column":0},"end":{"line":26,"column":62}},"7":{"start":{"line":27,"column":0},"end":{"line":27,"column":24}},"8":{"start":{"line":28,"column":12},"end":{"line":28,"column":26}},"9":{"start":{"line":29,"column":17},"end":{"line":29,"column":39}},"10":{"start":{"line":30,"column":31},"end":{"line":30,"column":101}},"11":{"start":{"line":31,"column":17},"end":{"line":31,"column":42}},"12":{"start":{"line":32,"column":17},"end":{"line":32,"column":24}},"13":{"start":{"line":33,"column":17},"end":{"line":33,"column":47}},"14":{"start":{"line":34,"column":17},"end":{"line":34,"column":48}},"15":{"start":{"line":35,"column":17},"end":{"line":35,"column":30}},"16":{"start":{"line":36,"column":17},"end":{"line":36,"column":52}},"17":{"start":{"line":37,"column":31},"end":{"line":37,"column":96}},"18":{"start":{"line":38,"column":32},"end":{"line":38,"column":97}},"19":{"start":{"line":40,"column":4},"end":{"line":63,"column":8}},"20":{"start":{"line":44,"column":12},"end":{"line":60,"column":16}},"21":{"start":{"line":65,"column":0},"end":{"line":65,"column":24}},"22":{"start":{"line":66,"column":1},"end":{"line":66,"column":48}}},"fnMap":{"0":{"name":"(anonymous_0)","decl":{"start":{"line":15,"column":8},"end":{"line":15,"column":9}},"loc":{"start":{"line":15,"column":20},"end":{"line":19,"column":3}},"line":15},"1":{"name":"(anonymous_1)","decl":{"start":{"line":20,"column":11},"end":{"line":20,"column":12}},"loc":{"start":{"line":20,"column":23},"end":{"line":22,"column":3}},"line":20},"2":{"name":"render","decl":{"start":{"line":39,"column":9},"end":{"line":39,"column":15}},"loc":{"start":{"line":39,"column":30},"end":{"line":64,"column":1}},"line":39},"3":{"name":"(anonymous_3)","decl":{"start":{"line":42,"column":128},"end":{"line":42,"column":129}},"loc":{"start":{"line":42,"column":151},"end":{"line":61,"column":9}},"line":42}},"branchMap":{"0":{"loc":{"start":{"line":47,"column":30},"end":{"line":47,"column":103}},"type":"cond-expr","locations":[{"start":{"line":47,"column":85},"end":{"line":47,"column":91}},{"start":{"line":47,"column":94},"end":{"line":47,"column":103}}],"line":47},"1":{"loc":{"start":{"line":47,"column":30},"end":{"line":47,"column":82}},"type":"binary-expr","locations":[{"start":{"line":47,"column":30},"end":{"line":47,"column":65}},{"start":{"line":47,"column":69},"end":{"line":47,"column":82}}],"line":47},"2":{"loc":{"start":{"line":56,"column":112},"end":{"line":56,"column":187}},"type":"cond-expr","locations":[{"start":{"line":56,"column":168},"end":{"line":56,"column":174}},{"start":{"line":56,"column":177},"end":{"line":56,"column":187}}],"line":56},"3":{"loc":{"start":{"line":56,"column":112},"end":{"line":56,"column":165}},"type":"binary-expr","locations":[{"start":{"line":56,"column":112},"end":{"line":56,"column":148}},{"start":{"line":56,"column":152},"end":{"line":56,"column":165}}],"line":56}},"s":{"0":3,"1":3,"2":3,"3":0,"4":0,"5":3,"6":3,"7":3,"8":3,"9":3,"10":3,"11":3,"12":3,"13":3,"14":3,"15":3,"16":3,"17":3,"18":3,"19":0,"20":0,"21":3,"22":3},"f":{"0":0,"1":0,"2":0,"3":0},"b":{"0":[0,0],"1":[0,0],"2":[0,0],"3":[0,0]},"inputSourceMap":{"0":"{","1":"\"","2":"v","3":"e","4":"r","5":"s","6":"i","7":"o","8":"n","9":"\"","10":":","11":"3","12":",","13":"\"","14":"s","15":"o","16":"u","17":"r","18":"c","19":"e","20":"s","21":"\"","22":":","23":"[","24":"\"","25":"/","26":"U","27":"s","28":"e","29":"r","30":"s","31":"/","32":"m","33":"a","34":"c","35":"b","36":"o","37":"o","38":"k","39":"a","40":"i","41":"r","42":"/","43":"D","44":"e","45":"s","46":"k","47":"t","48":"o","49":"p","50":"/","51":"m","52":"y","53":"P","54":"r","55":"o","56":"j","57":"e","58":"c","59":"t","60":"/","61":"T","62":"V","63":"-","64":"s","65":"h","66":"o","67":"w","68":"/","69":"s","70":"r","71":"c","72":"/","73":"c","74":"o","75":"m","76":"p","77":"o","78":"n","79":"e","80":"n","81":"t","82":"s","83":"/","84":"t","85":"v","86":"-","87":"s","88":"h","89":"o","90":"w","91":"/","92":"S","93":"h","94":"o","95":"w","96":"s","97":"B","98":"y","99":"N","100":"a","101":"m","102":"e","103":".","104":"v","105":"u","106":"e","107":"\"","108":"]","109":",","110":"\"","111":"n","112":"a","113":"m","114":"e","115":"s","116":"\"","117":":","118":"[","119":"]","120":",","121":"\"","122":"m","123":"a","124":"p","125":"p","126":"i","127":"n","128":"g","129":"s","130":"\"","131":":","132":"\"","133":";","134":";","135":";","136":";","137":";","138":"A","139":"A","140":"s","141":"B","142":"A","143":";","144":"A","145":"A","146":"G","147":"A","148":",","149":"k","150":"B","151":"A","152":"A","153":"e","154":",","155":"y","156":"B","157":"A","158":"A","159":"e","160":",","161":"E","162":"A","163":"A","164":"C","165":";","166":"E","167":"A","168":"C","169":"7","170":"B","171":",","172":"I","173":"A","174":"A","175":"I","176":",","177":"E","178":"A","179":"A","180":"E","181":",","182":"a","183":"A","184":"A","185":"a","186":";","187":"E","188":"A","189":"C","190":"n","191":"B","192":",","193":"U","194":"A","195":"A","196":"U","197":",","198":"E","199":"A","200":"A","201":"E","202":",","203":"E","204":"A","205":"A","206":"E","207":";","208":"E","209":"A","210":"C","211":"d","212":",","213":"K","214":"A","215":"A","216":"K","217":",","218":"E","219":"A","220":"A","221":"E","222":";","223":"I","224":"A","225":"C","226":"L","227":",","228":"Q","229":"A","230":"A","231":"Q","232":",","233":"E","234":"A","235":"A","236":"E","237":";","238":"M","239":"A","240":"C","241":"R","242":",","243":"I","244":"A","245":"A","246":"I","247":",","248":"E","249":"A","250":"A","251":"E","252":";","253":";","254":"G","255":"A","256":"E","257":"T","258":";","259":"E","260":"A","261":"C","262":"D","263":",","264":"I","265":"A","266":"A","267":"I","268":",","269":"E","270":"A","271":"A","272":"J","273":";","274":"I","275":"A","276":"C","277":"E","278":",","279":"O","280":"A","281":"A","282":"O","283":";","284":"M","285":"A","286":"C","287":"L","288":",","289":"U","290":"A","291":"A","292":"U","293":",","294":"E","295":"A","296":"A","297":"E","298":";","299":"K","300":"A","301":"C","302":"b","303":";","304":"E","305":"A","306":"C","307":"H","308":",","309":"C","310":"A","311":"A","312":"C","313":";","314":"E","315":"A","316":"C","317":"D","318":",","319":"O","320":"A","321":"A","322":"O","323":",","324":"E","325":"A","326":"A","327":"P","328":";","329":"I","330":"A","331":"C","332":"E","333":",","334":"I","335":"A","336":"A","337":"I","338":",","339":"C","340":"A","341":"A","342":"C","343":",","344":"U","345":"A","346":"A","347":"U","348":",","349":"G","350":"A","351":"A","352":"G","353":",","354":"I","355":"A","356":"A","357":"I","358":",","359":"C","360":"A","361":"A","362":"C","363":",","364":"Q","365":"A","366":"A","367":"4","368":"B","369":";","370":"E","371":"A","372":"C","373":"r","374":"D","375":",","376":"C","377":"A","378":"A","379":"C","380":";","381":"E","382":"A","383":"C","384":"D","385":",","386":"O","387":"A","388":"A","389":"O","390":",","391":"E","392":"A","393":"A","394":"E","395":";","396":"C","397":"A","398":"C","399":"V","400":",","401":"C","402":"A","403":"A","404":"C","405":"\"","406":",","407":"\"","408":"f","409":"i","410":"l","411":"e","412":"\"","413":":","414":"\"","415":"/","416":"U","417":"s","418":"e","419":"r","420":"s","421":"/","422":"m","423":"a","424":"c","425":"b","426":"o","427":"o","428":"k","429":"a","430":"i","431":"r","432":"/","433":"D","434":"e","435":"s","436":"k","437":"t","438":"o","439":"p","440":"/","441":"m","442":"y","443":"P","444":"r","445":"o","446":"j","447":"e","448":"c","449":"t","450":"/","451":"T","452":"V","453":"-","454":"s","455":"h","456":"o","457":"w","458":"/","459":"s","460":"r","461":"c","462":"/","463":"c","464":"o","465":"m","466":"p","467":"o","468":"n","469":"e","470":"n","471":"t","472":"s","473":"/","474":"t","475":"v","476":"-","477":"s","478":"h","479":"o","480":"w","481":"/","482":"S","483":"h","484":"o","485":"w","486":"s","487":"B","488":"y","489":"N","490":"a","491":"m","492":"e","493":".","494":"v","495":"u","496":"e","497":"\"","498":",","499":"\"","500":"s","501":"o","502":"u","503":"r","504":"c","505":"e","506":"s","507":"C","508":"o","509":"n","510":"t","511":"e","512":"n","513":"t","514":"\"","515":":","516":"[","517":"\"","518":"<","519":"t","520":"e","521":"m","522":"p","523":"l","524":"a","525":"t","526":"e","527":">","528":"\\","529":"n","530":" ","531":" ","532":"<","533":"d","534":"i","535":"v","536":" ","537":"c","538":"l","539":"a","540":"s","541":"s","542":"=","543":"\\","544":"\"","545":"c","546":"o","547":"n","548":"t","549":"a","550":"i","551":"n","552":"e","553":"r","554":"\\","555":"\"","556":">","557":"\\","558":"n","559":" ","560":" ","561":" ","562":" ","563":"<","564":"h","565":"1","566":">","567":"T","568":"V","569":" ","570":"S","571":"h","572":"o","573":"w","574":"<","575":"/","576":"h","577":"1","578":">","579":"\\","580":"n","581":" ","582":" ","583":" ","584":" ","585":"<","586":"d","587":"i","588":"v","589":" ","590":"v","591":"-","592":"f","593":"o","594":"r","595":"=","596":"\\","597":"\"","598":"(","599":"r","600":"o","601":"o","602":"t","603":"D","604":"a","605":"t","606":"a","607":",","608":" ","609":"i","610":")","611":" ","612":"i","613":"n","614":" ","615":"s","616":"e","617":"a","618":"r","619":"c","620":"h","621":"D","622":"a","623":"t","624":"a","625":"\\","626":"\"","627":" ","628":":","629":"k","630":"e","631":"y","632":"=","633":"\\","634":"\"","635":"i","636":"\\","637":"\"","638":">","639":"\\","640":"n","641":" ","642":" ","643":" ","644":" ","645":" ","646":" ","647":"<","648":"d","649":"i","650":"v","651":" ","652":"c","653":"l","654":"a","655":"s","656":"s","657":"=","658":"\\","659":"\"","660":"s","661":"h","662":"o","663":"w","664":"-","665":"d","666":"e","667":"t","668":"a","669":"i","670":"l","671":"s","672":"\\","673":"\"","674":">","675":"\\","676":"n","677":" ","678":" ","679":" ","680":" ","681":" ","682":" ","683":" ","684":" ","685":"<","686":"i","687":"m","688":"g","689":" ","690":":","691":"s","692":"r","693":"c","694":"=","695":"\\","696":"\"","697":"(","698":"r","699":"o","700":"o","701":"t","702":"D","703":"a","704":"t","705":"a","706":".","707":"s","708":"h","709":"o","710":"w","711":".","712":"i","713":"m","714":"a","715":"g","716":"e","717":"?","718":".","719":"m","720":"e","721":"d","722":"i","723":"u","724":"m","725":")","726":"\\","727":"\"","728":" ","729":"c","730":"l","731":"a","732":"s","733":"s","734":"=","735":"\\","736":"\"","737":"i","738":"m","739":"g","740":"\\","741":"\"","742":" ","743":"/","744":">","745":"\\","746":"n","747":" ","748":" ","749":" ","750":" ","751":" ","752":" ","753":" ","754":" ","755":"<","756":"d","757":"i","758":"v","759":" ","760":"c","761":"l","762":"a","763":"s","764":"s","765":"=","766":"\\","767":"\"","768":"s","769":"h","770":"o","771":"w","772":"-","773":"d","774":"e","775":"t","776":"a","777":"i","778":"l","779":"s","780":"-","781":"t","782":"e","783":"x","784":"t","785":"\\","786":"\"","787":">","788":"\\","789":"n","790":" ","791":" ","792":" ","793":" ","794":" ","795":" ","796":" ","797":" ","798":" ","799":" ","800":"<","801":"h","802":"2","803":" ","804":"c","805":"l","806":"a","807":"s","808":"s","809":"=","810":"\\","811":"\"","812":"s","813":"h","814":"o","815":"w","816":"-","817":"d","818":"e","819":"t","820":"a","821":"i","822":"l","823":"s","824":"-","825":"t","826":"i","827":"t","828":"l","829":"e","830":"\\","831":"\"","832":">","833":"{","834":"{","835":" ","836":"r","837":"o","838":"o","839":"t","840":"D","841":"a","842":"t","843":"a","844":".","845":"s","846":"h","847":"o","848":"w","849":".","850":"n","851":"a","852":"m","853":"e","854":" ","855":"}","856":"}","857":"<","858":"/","859":"h","860":"2","861":">","862":"\\","863":"n","864":" ","865":" ","866":" ","867":" ","868":" ","869":" ","870":" ","871":" ","872":" ","873":" ","874":"<","875":"p","876":" ","877":"c","878":"l","879":"a","880":"s","881":"s","882":"=","883":"\\","884":"\"","885":"s","886":"h","887":"o","888":"w","889":"-","890":"d","891":"e","892":"t","893":"a","894":"i","895":"l","896":"s","897":"-","898":"p","899":"a","900":"r","901":"a","902":"g","903":"r","904":"a","905":"p","906":"h","907":"\\","908":"\"","909":" ","910":"v","911":"-","912":"h","913":"t","914":"m","915":"l","916":"=","917":"\\","918":"\"","919":"r","920":"o","921":"o","922":"t","923":"D","924":"a","925":"t","926":"a","927":".","928":"s","929":"h","930":"o","931":"w","932":".","933":"s","934":"u","935":"m","936":"m","937":"a","938":"r","939":"y","940":"\\","941":"\"","942":">","943":"<","944":"/","945":"p","946":">","947":"\\","948":"n","949":" ","950":" ","951":" ","952":" ","953":" ","954":" ","955":" ","956":" ","957":" ","958":" ","959":"<","960":"p","961":" ","962":"c","963":"l","964":"a","965":"s","966":"s","967":"=","968":"\\","969":"\"","970":"s","971":"h","972":"o","973":"w","974":"-","975":"d","976":"e","977":"t","978":"a","979":"i","980":"l","981":"s","982":"-","983":"p","984":"a","985":"r","986":"a","987":"g","988":"r","989":"a","990":"p","991":"h","992":"\\","993":"\"","994":">","995":"\\","996":"n","997":" ","998":" ","999":" ","1000":" ","1001":" ","1002":" ","1003":" ","1004":" ","1005":" ","1006":" ","1007":" ","1008":" ","1009":"R","1010":"a","1011":"t","1012":"i","1013":"n","1014":"g","1015":":","1016":" ","1017":"{","1018":"{","1019":" ","1020":"r","1021":"o","1022":"o","1023":"t","1024":"D","1025":"a","1026":"t","1027":"a","1028":".","1029":"s","1030":"h","1031":"o","1032":"w","1033":".","1034":"r","1035":"a","1036":"t","1037":"i","1038":"n","1039":"g","1040":"?","1041":".","1042":"a","1043":"v","1044":"e","1045":"r","1046":"a","1047":"g","1048":"e","1049":" ","1050":"}","1051":"}","1052":"\\","1053":"n","1054":" ","1055":" ","1056":" ","1057":" ","1058":" ","1059":" ","1060":" ","1061":" ","1062":" ","1063":" ","1064":"<","1065":"/","1066":"p","1067":">","1068":"\\","1069":"n","1070":" ","1071":" ","1072":" ","1073":" ","1074":" ","1075":" ","1076":" ","1077":" ","1078":"<","1079":"/","1080":"d","1081":"i","1082":"v","1083":">","1084":"\\","1085":"n","1086":" ","1087":" ","1088":" ","1089":" ","1090":" ","1091":" ","1092":"<","1093":"/","1094":"d","1095":"i","1096":"v","1097":">","1098":"\\","1099":"n","1100":" ","1101":" ","1102":" ","1103":" ","1104":" ","1105":" ","1106":"<","1107":"h","1108":"r","1109":">","1110":"\\","1111":"n","1112":" ","1113":" ","1114":" ","1115":" ","1116":"<","1117":"/","1118":"d","1119":"i","1120":"v","1121":">","1122":"\\","1123":"n","1124":" ","1125":" ","1126":" ","1127":" ","1128":"<","1129":"h","1130":"r","1131":">","1132":"\\","1133":"n","1134":" ","1135":" ","1136":"<","1137":"/","1138":"d","1139":"i","1140":"v","1141":">","1142":"\\","1143":"n","1144":"<","1145":"/","1146":"t","1147":"e","1148":"m","1149":"p","1150":"l","1151":"a","1152":"t","1153":"e","1154":">","1155":"\\","1156":"n","1157":" ","1158":"\\","1159":"n","1160":"\\","1161":"n","1162":"<","1163":"s","1164":"c","1165":"r","1166":"i","1167":"p","1168":"t","1169":" ","1170":"l","1171":"a","1172":"n","1173":"g","1174":"=","1175":"\\","1176":"\"","1177":"t","1178":"s","1179":"\\","1180":"\"","1181":">","1182":"\\","1183":"n","1184":"i","1185":"m","1186":"p","1187":"o","1188":"r","1189":"t","1190":" ","1191":"{","1192":" ","1193":"d","1194":"e","1195":"f","1196":"i","1197":"n","1198":"e","1199":"C","1200":"o","1201":"m","1202":"p","1203":"o","1204":"n","1205":"e","1206":"n","1207":"t","1208":" ","1209":"}","1210":" ","1211":"f","1212":"r","1213":"o","1214":"m","1215":" ","1216":"'","1217":"v","1218":"u","1219":"e","1220":"'","1221":"\\","1222":"n","1223":"i","1224":"m","1225":"p","1226":"o","1227":"r","1228":"t","1229":" ","1230":"{","1231":" ","1232":"S","1233":"e","1234":"a","1235":"r","1236":"c","1237":"h","1238":"e","1239":"d","1240":"T","1241":"v","1242":"S","1243":"h","1244":"o","1245":"w","1246":" ","1247":"}","1248":" ","1249":"f","1250":"r","1251":"o","1252":"m","1253":" ","1254":"'","1255":"@","1256":"/","1257":"t","1258":"y","1259":"p","1260":"e","1261":"s","1262":"/","1263":"t","1264":"v","1265":"-","1266":"s","1267":"h","1268":"o","1269":"w","1270":"s","1271":"'","1272":";","1273":"\\","1274":"n","1275":"\\","1276":"n","1277":"e","1278":"x","1279":"p","1280":"o","1281":"r","1282":"t","1283":" ","1284":"d","1285":"e","1286":"f","1287":"a","1288":"u","1289":"l","1290":"t","1291":" ","1292":"d","1293":"e","1294":"f","1295":"i","1296":"n","1297":"e","1298":"C","1299":"o","1300":"m","1301":"p","1302":"o","1303":"n","1304":"e","1305":"n","1306":"t","1307":"(","1308":"{","1309":"\\","1310":"n","1311":" ","1312":" ","1313":"n","1314":"a","1315":"m","1316":"e","1317":":","1318":" ","1319":"\\","1320":"\"","1321":"S","1322":"h","1323":"o","1324":"w","1325":"s","1326":"B","1327":"y","1328":"N","1329":"a","1330":"m","1331":"e","1332":"\\","1333":"\"","1334":",","1335":"\\","1336":"n","1337":" ","1338":" ","1339":"c","1340":"o","1341":"m","1342":"p","1343":"o","1344":"n","1345":"e","1346":"n","1347":"t","1348":"s","1349":":","1350":" ","1351":"{","1352":"}","1353":",","1354":"\\","1355":"n","1356":" ","1357":" ","1358":"p","1359":"r","1360":"o","1361":"p","1362":"s","1363":":","1364":" ","1365":"{","1366":"\\","1367":"n","1368":" ","1369":" ","1370":" ","1371":" ","1372":"s","1373":"h","1374":"o","1375":"w","1376":"N","1377":"a","1378":"m","1379":"e","1380":":","1381":" ","1382":"{","1383":"\\","1384":"n","1385":" ","1386":" ","1387":" ","1388":" ","1389":" ","1390":" ","1391":"t","1392":"y","1393":"p","1394":"e","1395":":","1396":" ","1397":"A","1398":"r","1399":"r","1400":"a","1401":"y","1402":",","1403":"\\","1404":"n","1405":" ","1406":" ","1407":" ","1408":" ","1409":"}","1410":"\\","1411":"n","1412":" ","1413":" ","1414":"}","1415":",","1416":"\\","1417":"n","1418":" ","1419":" ","1420":"d","1421":"a","1422":"t","1423":"a","1424":"(","1425":")","1426":" ","1427":"{","1428":"\\","1429":"n","1430":" ","1431":" ","1432":" ","1433":" ","1434":"r","1435":"e","1436":"t","1437":"u","1438":"r","1439":"n","1440":" ","1441":"{","1442":"\\","1443":"n","1444":" ","1445":" ","1446":" ","1447":" ","1448":" ","1449":" ","1450":"s","1451":"e","1452":"a","1453":"r","1454":"c","1455":"h","1456":"D","1457":"a","1458":"t","1459":"a","1460":":","1461":" ","1462":"[","1463":"]","1464":" ","1465":"a","1466":"s","1467":" ","1468":"S","1469":"e","1470":"a","1471":"r","1472":"c","1473":"h","1474":"e","1475":"d","1476":"T","1477":"v","1478":"S","1479":"h","1480":"o","1481":"w","1482":"[","1483":"]","1484":",","1485":"\\","1486":"n","1487":" ","1488":" ","1489":" ","1490":" ","1491":"}","1492":"\\","1493":"n","1494":" ","1495":" ","1496":"}","1497":",","1498":"\\","1499":"n","1500":" ","1501":" ","1502":"m","1503":"o","1504":"u","1505":"n","1506":"t","1507":"e","1508":"d","1509":"(","1510":")","1511":" ","1512":"{","1513":"\\","1514":"n","1515":" ","1516":" ","1517":" ","1518":" ","1519":"t","1520":"h","1521":"i","1522":"s","1523":".","1524":"s","1525":"e","1526":"a","1527":"r","1528":"c","1529":"h","1530":"D","1531":"a","1532":"t","1533":"a","1534":" ","1535":"=","1536":" ","1537":"t","1538":"h","1539":"i","1540":"s","1541":".","1542":"s","1543":"h","1544":"o","1545":"w","1546":"N","1547":"a","1548":"m","1549":"e","1550":" ","1551":"a","1552":"s","1553":" ","1554":"S","1555":"e","1556":"a","1557":"r","1558":"c","1559":"h","1560":"e","1561":"d","1562":"T","1563":"v","1564":"S","1565":"h","1566":"o","1567":"w","1568":"[","1569":"]","1570":"\\","1571":"n","1572":" ","1573":" ","1574":"}","1575":",","1576":"\\","1577":"n","1578":" ","1579":" ","1580":"m","1581":"e","1582":"t","1583":"h","1584":"o","1585":"d","1586":"s","1587":":","1588":" ","1589":"{","1590":"}","1591":"\\","1592":"n","1593":"}","1594":")","1595":"\\","1596":"n","1597":"<","1598":"/","1599":"s","1600":"c","1601":"r","1602":"i","1603":"p","1604":"t","1605":">","1606":"\\","1607":"n","1608":"\\","1609":"n","1610":"<","1611":"s","1612":"t","1613":"y","1614":"l","1615":"e","1616":" ","1617":"s","1618":"c","1619":"o","1620":"p","1621":"e","1622":"d","1623":">","1624":"\\","1625":"n","1626":".","1627":"i","1628":"m","1629":"g","1630":" ","
[...]
},"end":{"line":3,"column":50}},{"start":{"line":3,"column":54},"end":{"line":7,"column":1}}],"line":3},"1":{"loc":{"start":{"line":4,"column":9},"end":{"line":6,"column":3}},"type":"cond-expr","locations":[{"start":{"line":4,"column":33},"end":{"line":4,"column":36}},{"start":{"line":4,"column":39},"end":{"line":6,"column":3}}],"line":4},"2":{"loc":{"start":{"line":4,"column":9},"end":{"line":4,"column":30}},"type":"binary-expr","locations":[{"start":{"line":4,"column":9},"end":{"line":4,"column":12}},{"start":{"line":4,"column":16},"end":{"line":4,"column":30}}],"line":4}},"s":{"0":2,"1":2,"2":2,"3":2,"4":2,"5":2,"6":0,"7":2,"8":2,"9":2,"10":2,"11":0,"12":0,"13":2,"14":2},"f":{"0":2,"1":0,"2":0},"b":{"0":[2,2,2],"1":[2,0],"2":[2,2]},"inputSourceMap":{"0":"{","1":"\"","2":"v","3":"e","4":"r","5":"s","6":"i","7":"o","8":"n","9":"\"","10":":","11":"3","12":",","13":"\"","14":"s","15":"o","16":"u","17":"r","18":"c","19":"e","20":"s","21":"\"","22":":","23":"[","24":"\"","25":"/","26":"U","27":"s","28":"e","29":"r","30":"s","31":"/","32":"m","33":"a","34":"c","35":"b","36":"o","37":"o","38":"k","39":"a","40":"i","41":"r","42":"/","43":"D","44":"e","45":"s","46":"k","47":"t","48":"o","49":"p","50":"/","51":"m","52":"y","53":"P","54":"r","55":"o","56":"j","57":"e","58":"c","59":"t","60":"/","61":"T","62":"V","63":"-","64":"s","65":"h","66":"o","67":"w","68":"/","69":"s","70":"r","71":"c","72":"/","73":"v","74":"i","75":"e","76":"w","77":"s","78":"/","79":"D","80":"a","81":"s","82":"h","83":"b","84":"o","85":"a","86":"r","87":"d","88":"P","89":"a","90":"g","91":"e","92":".","93":"v","94":"u","95":"e","96":"\"","97":"]","98":",","99":"\"","100":"n","101":"a","102":"m","103":"e","104":"s","105":"\"","106":":","107":"[","108":"]","109":",","110":"\"","111":"m","112":"a","113":"p","114":"p","115":"i","116":"n","117":"g","118":"s","119":"\"","120":":","121":"\"","122":";","123":";","124":";","125":";","126":";","127":";","128":";","129":";","130":";","131":";","132":"A","133":"A","134":"O","135":"A","136":";","137":"A","138":"A","139":"C","140":"A","141":";","142":"A","143":"A","144":"E","145":"A","146":",","147":"k","148":"B","149":"A","150":"A","151":"e","152":",","153":"y","154":"B","155":"A","156":"A","157":"e","158":",","159":"E","160":"A","161":"A","162":"C","163":";","164":"E","165":"A","166":"C","167":"7","168":"B","169":",","170":"I","171":"A","172":"A","173":"I","174":",","175":"E","176":"A","177":"A","178":"E","179":",","180":"e","181":"A","182":"A","183":"e","184":";","185":"E","186":"A","187":"C","188":"r","189":"B","190":",","191":"U","192":"A","193":"A","194":"U","195":",","196":"E","197":"A","198":"A","199":"E","200":";","201":"I","202":"A","203":"C","204":"V","205":",","206":"a","207":"A","208":"A","209":"a","210":";","211":"G","212":"A","213":"C","214":"d","215":";","216":"E","217":"A","218":"C","219":"D","220":",","221":"K","222":"A","223":"A","224":"K","225":";","226":"I","227":"A","228":"G","229":"H","230":",","231":"O","232":"A","233":"A","234":"O","235":",","236":"E","237":"A","238":"A","239":"E","240":";","241":"E","242":"A","243":"C","244":"X","245":";","246":"C","247":"A","248":"C","249":"D","250":",","251":"C","252":"A","253":"A","254":"C","255":"\"","256":",","257":"\"","258":"f","259":"i","260":"l","261":"e","262":"\"","263":":","264":"\"","265":"/","266":"U","267":"s","268":"e","269":"r","270":"s","271":"/","272":"m","273":"a","274":"c","275":"b","276":"o","277":"o","278":"k","279":"a","280":"i","281":"r","282":"/","283":"D","284":"e","285":"s","286":"k","287":"t","288":"o","289":"p","290":"/","291":"m","292":"y","293":"P","294":"r","295":"o","296":"j","297":"e","298":"c","299":"t","300":"/","301":"T","302":"V","303":"-","304":"s","305":"h","306":"o","307":"w","308":"/","309":"s","310":"r","311":"c","312":"/","313":"v","314":"i","315":"e","316":"w","317":"s","318":"/","319":"D","320":"a","321":"s","322":"h","323":"b","324":"o","325":"a","326":"r","327":"d","328":"P","329":"a","330":"g","331":"e","332":".","333":"v","334":"u","335":"e","336":"\"","337":",","338":"\"","339":"s","340":"o","341":"u","342":"r","343":"c","344":"e","345":"s","346":"C","347":"o","348":"n","349":"t","350":"e","351":"n","352":"t","353":"\"","354":":","355":"[","356":"\"","357":"<","358":"t","359":"e","360":"m","361":"p","362":"l","363":"a","364":"t","365":"e","366":">","367":"\\","368":"n","369":" ","370":" ","371":"<","372":"d","373":"i","374":"v","375":">","376":"\\","377":"n","378":" ","379":" ","380":" ","381":" ","382":"<","383":"D","384":"a","385":"s","386":"h","387":"b","388":"o","389":"a","390":"r","391":"d","392":"C","393":"o","394":"m","395":"p","396":" ","397":"/","398":">","399":"\\","400":"n","401":" ","402":" ","403":"<","404":"/","405":"d","406":"i","407":"v","408":">","409":"\\","410":"n","411":"<","412":"/","413":"t","414":"e","415":"m","416":"p","417":"l","418":"a","419":"t","420":"e","421":">","422":"\\","423":"n","424":"\\","425":"n","426":"<","427":"s","428":"c","429":"r","430":"i","431":"p","432":"t","433":" ","434":"l","435":"a","436":"n","437":"g","438":"=","439":"\\","440":"\"","441":"t","442":"s","443":"\\","444":"\"","445":">","446":"\\","447":"n","448":"i","449":"m","450":"p","451":"o","452":"r","453":"t","454":" ","455":"{","456":" ","457":"d","458":"e","459":"f","460":"i","461":"n","462":"e","463":"C","464":"o","465":"m","466":"p","467":"o","468":"n","469":"e","470":"n","471":"t","472":" ","473":"}","474":" ","475":"f","476":"r","477":"o","478":"m","479":" ","480":"'","481":"v","482":"u","483":"e","484":"'","485":"\\","486":"n","487":"i","488":"m","489":"p","490":"o","491":"r","492":"t","493":" ","494":"D","495":"a","496":"s","497":"h","498":"b","499":"o","500":"a","501":"r","502":"d","503":"C","504":"o","505":"m","506":"p","507":" ","508":"f","509":"r","510":"o","511":"m","512":" ","513":"'","514":".","515":".","516":"/","517":"c","518":"o","519":"m","520":"p","521":"o","522":"n","523":"e","524":"n","525":"t","526":"s","527":"/","528":"t","529":"v","530":"-","531":"s","532":"h","533":"o","534":"w","535":"/","536":"D","537":"a","538":"s","539":"h","540":"b","541":"o","542":"r","543":"d","544":"C","545":"o","546":"m","547":"p","548":".","549":"v","550":"u","551":"e","552":"'","553":"\\","554":"n","555":"\\","556":"n","557":"e","558":"x","559":"p","560":"o","561":"r","562":"t","563":" ","564":"d","565":"e","566":"f","567":"a","568":"u","569":"l","570":"t","571":" ","572":"d","573":"e","574":"f","575":"i","576":"n","577":"e","578":"C","579":"o","580":"m","581":"p","582":"o","583":"n","584":"e","585":"n","586":"t","587":"(","588":"{","589":"\\","590":"n","591":" ","592":" ","593":"n","594":"a","595":"m","596":"e","597":":","598":" ","599":"'","600":"D","601":"a","602":"s","603":"h","604":"b","605":"o","606":"a","607":"r","608":"d","609":"P","610":"a","611":"g","612":"e","613":"'","614":",","615":"\\","616":"n","617":" ","618":" ","619":"c","620":"o","621":"m","622":"p","623":"o","624":"n","625":"e","626":"n","627":"t","628":"s","629":":","630":" ","631":"{","632":"\\","633":"n","634":" ","635":" ","636":" ","637":" ","638":"D","639":"a","640":"s","641":"h","642":"b","643":"o","644":"a","645":"r","646":"d","647":"C","648":"o","649":"m","650":"p","651":",","652":"\\","653":"n","654":" ","655":" ","656":"}","657":",","658":"\\","659":"n","660":" ","661":" ","662":"s","663":"e","664":"t","665":"u","666":"p","667":"(","668":")","669":" ","670":"{","671":"\\","672":"n","673":"\\","674":"n","675":"\\","676":"n","677":" ","678":" ","679":" ","680":" ","681":"r","682":"e","683":"t","684":"u","685":"r","686":"n","687":" ","688":"{","689":"}","690":"\\","691":"n","692":" ","693":" ","694":"}","695":"\\","696":"n","697":"}","698":")","699":"\\","700":"n","701":"<","702":"/","703":"s","704":"c","705":"r","706":"i","707":"p","708":"t","709":">","710":"\\","711":"n","712":"\\","713":"n","714":"<","715":"s","716":"t","717":"y","718":"l","719":"e","720":" ","721":"s","722":"c","723":"o","724":"p","725":"e","726":"d","727":">","728":"<","729":"/","730":"s","731":"t","732":"y","733":"l","734":"e","735":">","736":"\"","737":"]","738":"}"},"_coverageSchema":"1a1c01bbd47fc00a2c39e90264f33305004495a9","hash":"59bbd8dcb431e83f636e535e3b57c000e6e83a96"}
,"/Users/macbookair/Desktop/myProject/TV-show/src/views/ShowDetailsPage.vue": {"path":"/Users/macbookair/Desktop/myProject/TV-show/src/views/ShowDetailsPage.vue","statementMap":{"0":{"start":{"line":3,"column":22},"end":{"line":7,"column":1}},"1":{"start":{"line":4,"column":2},"end":{"line":6,"column":4}},"2":{"start":{"line":8,"column":0},"end":{"line":10,"column":3}},"3":{"start":{"line":11,"column":12},"end":{"line":11,"column":26}},"4":{"start":{"line":12,"column":26},"end":{"line":12,"column":93}},"5":{"start":{"line":13,"column":0},"end":{"line":23,"column":3}},"6":{"start":{"line":19,"column":4},"end":{"line":21,"column":6}},"7":{"start":{"line":24,"column":0},"end":{"line":24,"column":13}},"8":{"start":{"line":25,"column":0},"end":{"line":25,"column":62}},"9":{"start":{"line":26,"column":0},"end":{"line":26,"column":24}},"10":{"start":{"line":27,"column":12},"end":{"line":27,"column":26}},"11":{"start":{"line":29,"column":35},"end":{"line":29,"column":79}},"12":{"start":{"line":30,"column":4},"end":{"line":32,"column":8}},"13":{"start":{"line":34,"column":0},"end":{"line":34,"column":24}},"14":{"start":{"line":35,"column":1},"end":{"line":35,"column":48}}},"fnMap":{"0":{"name":"(anonymous_0)","decl":{"start":{"line":3,"column":54},"end":{"line":3,"column":55}},"loc":{"start":{"line":3,"column":69},"end":{"line":7,"column":1}},"line":3},"1":{"name":"(anonymous_1)","decl":{"start":{"line":18,"column":8},"end":{"line":18,"column":9}},"loc":{"start":{"line":18,"column":20},"end":{"line":22,"column":3}},"line":18},"2":{"name":"render","decl":{"start":{"line":28,"column":9},"end":{"line":28,"column":15}},"loc":{"start":{"line":28,"column":30},"end":{"line":33,"column":1}},"line":28}},"branchMap":{"0":{"loc":{"start":{"line":3,"column":22},"end":{"line":7,"column":1}},"type":"binary-expr","locations":[{"start":{"line":3,"column":22},"end":{"line":3,"column":26}},{"start":{"line":3,"column":30},"end":{"line":3,"column":50}},{"start":{"line":3,"column":54},"end":{"line":7,"column":1}}],"line":3},"1":{"loc":{"start":{"line":4,"column":9},"end":{"line":6,"column":3}},"type":"cond-expr","locations":[{"start":{"line":4,"column":33},"end":{"line":4,"column":36}},{"start":{"line":4,"column":39},"end":{"line":6,"column":3}}],"line":4},"2":{"loc":{"start":{"line":4,"column":9},"end":{"line":4,"column":30}},"type":"binary-expr","locations":[{"start":{"line":4,"column":9},"end":{"line":4,"column":12}},{"start":{"line":4,"column":16},"end":{"line":4,"column":30}}],"line":4}},"s":{"0":2,"1":2,"2":2,"3":2,"4":2,"5":2,"6":0,"7":2,"8":2,"9":2,"10":2,"11":0,"12":0,"13":2,"14":2},"f":{"0":2,"1":0,"2":0},"b":{"0":[2,2,2],"1":[2,0],"2":[2,2]},"inputSourceMap":{"0":"{","1":"\"","2":"v","3":"e","4":"r","5":"s","6":"i","7":"o","8":"n","9":"\"","10":":","11":"3","12":",","13":"\"","14":"s","15":"o","16":"u","17":"r","18":"c","19":"e","20":"s","21":"\"","22":":","23":"[","24":"\"","25":"/","26":"U","27":"s","28":"e","29":"r","30":"s","31":"/","32":"m","33":"a","34":"c","35":"b","36":"o","37":"o","38":"k","39":"a","40":"i","41":"r","42":"/","43":"D","44":"e","45":"s","46":"k","47":"t","48":"o","49":"p","50":"/","51":"m","52":"y","53":"P","54":"r","55":"o","56":"j","57":"e","58":"c","59":"t","60":"/","61":"T","62":"V","63":"-","64":"s","65":"h","66":"o","67":"w","68":"/","69":"s","70":"r","71":"c","72":"/","73":"v","74":"i","75":"e","76":"w","77":"s","78":"/","79":"S","80":"h","81":"o","82":"w","83":"D","84":"e","85":"t","86":"a","87":"i","88":"l","89":"s","90":"P","91":"a","92":"g","93":"e","94":".","95":"v","96":"u","97":"e","98":"\"","99":"]","100":",","101":"\"","102":"n","103":"a","104":"m","105":"e","106":"s","107":"\"","108":":","109":"[","110":"]","111":",","112":"\"","113":"m","114":"a","115":"p","116":"p","117":"i","118":"n","119":"g","120":"s","121":"\"","122":":","123":"\"","124":";","125":";","126":";","127":";","128":";","129":";","130":";","131":";","132":";","133":";","134":"A","135":"A","136":"Q","137":"A","138":";","139":"A","140":"A","141":"C","142":"A","143":";","144":"A","145":"A","146":"E","147":"A","148":",","149":"k","150":"B","151":"A","152":"A","153":"e","154":",","155":"y","156":"B","157":"A","158":"A","159":"e","160":",","161":"E","162":"A","163":"A","164":"C","165":";","166":"E","167":"A","168":"C","169":"7","170":"B","171":",","172":"I","173":"A","174":"A","175":"I","176":",","177":"E","178":"A","179":"A","180":"E","181":",","182":"i","183":"B","184":"A","185":"A","186":"i","187":"B","188":";","189":"E","190":"A","191":"C","192":"v","193":"B","194":",","195":"U","196":"A","197":"A","198":"U","199":",","200":"E","201":"A","202":"A","203":"E","204":";","205":"I","206":"A","207":"C","208":"V","209":",","210":"a","211":"A","212":"A","213":"a","214":";","215":"G","216":"A","217":"C","218":"d","219":";","220":"E","221":"A","222":"C","223":"D","224":",","225":"I","226":"A","227":"A","228":"I","229":";","230":"I","231":"A","232":"C","233":"F","234":",","235":"O","236":"A","237":"A","238":"O","239":";","240":"M","241":"A","242":"C","243":"L","244":",","245":"E","246":"A","247":"A","248":"E","249":",","250":"E","251":"A","252":"A","253":"E","254":",","255":"I","256":"A","257":"A","258":"I","259":",","260":"C","261":"A","262":"A","263":"C","264":",","265":"M","266":"A","267":"A","268":"M","269":",","270":"C","271":"A","272":"A","273":"C","274":",","275":"M","276":"A","277":"A","278":"M","279":",","280":"C","281":"A","282":"A","283":"C","284":";","285":"K","286":"A","287":"C","288":"x","289":"B","290":";","291":"E","292":"A","293":"C","294":"H","295":";","296":"C","297":"A","298":"C","299":"D","300":",","301":"C","302":"A","303":"A","304":"C","305":"\"","306":",","307":"\"","308":"f","309":"i","310":"l","311":"e","312":"\"","313":":","314":"\"","315":"/","316":"U","317":"s","318":"e","319":"r","320":"s","321":"/","322":"m","323":"a","324":"c","325":"b","326":"o","327":"o","328":"k","329":"a","330":"i","331":"r","332":"/","333":"D","334":"e","335":"s","336":"k","337":"t","338":"o","339":"p","340":"/","341":"m","342":"y","343":"P","344":"r","345":"o","346":"j","347":"e","348":"c","349":"t","350":"/","351":"T","352":"V","353":"-","354":"s","355":"h","356":"o","357":"w","358":"/","359":"s","360":"r","361":"c","362":"/","363":"v","364":"i","365":"e","366":"w","367":"s","368":"/","369":"S","370":"h","371":"o","372":"w","373":"D","374":"e","375":"t","376":"a","377":"i","378":"l","379":"s","380":"P","381":"a","382":"g","383":"e","384":".","385":"v","386":"u","387":"e","388":"\"","389":",","390":"\"","391":"s","392":"o","393":"u","394":"r","395":"c","396":"e","397":"s","398":"C","399":"o","400":"n","401":"t","402":"e","403":"n","404":"t","405":"\"","406":":","407":"[","408":"\"","409":"<","410":"!","411":"-","412":"-","413":" ","414":"e","415":"s","416":"l","417":"i","418":"n","419":"t","420":"-","421":"d","422":"i","423":"s","424":"a","425":"b","426":"l","427":"e","428":" ","429":"v","430":"u","431":"e","432":"/","433":"m","434":"u","435":"l","436":"t","437":"i","438":"-","439":"w","440":"o","441":"r","442":"d","443":"-","444":"c","445":"o","446":"m","447":"p","448":"o","449":"n","450":"e","451":"n","452":"t","453":"-","454":"n","455":"a","456":"m","457":"e","458":"s","459":" ","460":"-","461":"-","462":">","463":"\\","464":"n","465":"<","466":"t","467":"e","468":"m","469":"p","470":"l","471":"a","472":"t","473":"e","474":">","475":"\\","476":"n","477":" ","478":" ","479":"<","480":"d","481":"i","482":"v","483":">","484":"\\","485":"n","486":" ","487":" ","488":" ","489":" ","490":"<","491":"T","492":"v","493":"S","494":"h","495":"o","496":"w","497":"D","498":"e","499":"t","500":"a","501":"i","502":"l","503":"s","504":" ","505":":","506":"s","507":"e","508":"a","509":"r","510":"c","511":"h","512":"I","513":"d","514":"=","515":"\\","516":"\"","517":"i","518":"d","519":"\\","520":"\"","521":" ","522":"/","523":">","524":"\\","525":"n","526":" ","527":" ","528":"<","529":"/","530":"d","531":"i","532":"v","533":">","534":"\\","535":"n","536":"<","537":"/","538":"t","539":"e","540":"m","541":"p","542":"l","543":"a","544":"t","545":"e","546":">","547":"\\","548":"n","549":"\\","550":"n","551":"<","552":"s","553":"c","554":"r","555":"i","556":"p","557":"t","558":" ","559":"l","560":"a","561":"n","562":"g","563":"=","564":"\\","565":"\"","566":"t","567":"s","568":"\\","569":"\"","570":">","571":"\\","572":"n","573":"i","574":"m","575":"p","576":"o","577":"r","578":"t","579":" ","580":"{","581":" ","582":"d","583":"e","584":"f","585":"i","586":"n","587":"e","588":"C","589":"o","590":"m","591":"p","592":"o","593":"n","594":"e","595":"n","596":"t","597":" ","598":"}","599":" ","600":"f","601":"r","602":"o","603":"m","604":" ","605":"'","606":"v","607":"u","608":"e","609":"'","610":"\\","611":"n","612":"i","613":"m","614":"p","615":"o","616":"r","617":"t","618":" ","619":"T","620":"v","621":"S","622":"h","623":"o","624":"w","625":"D","626":"e","627":"t","628":"a","629":"i","630":"l","631":"s","632":" ","633":"f","634":"r","635":"o","636":"m","637":" ","638":"'","639":".","640":".","641":"/","642":"c","643":"o","644":"m","645":"p","646":"o","647":"n","648":"e","649":"n","650":"t","651":"s","652":"/","653":"t","654":"v","655":"-","656":"s","657":"h","658":"o","659":"w","660":"/","661":"T","662":"v","663":"S","664":"h","665":"o","666":"w","667":"D","668":"e","669":"t","670":"a","671":"i","672":"l","673":"s","674":".","675":"v","676":"u","677":"e","678":"'","679":";","680":"\\","681":"n","682":"\\","683":"n","684":"e","685":"x","686":"p","687":"o","688":"r","689":"t","690":" ","691":"d","692":"e","693":"f","694":"a","695":"u","696":"l","697":"t","698":" ","699":"d","700":"e","701":"f","702":"i","703":"n","704":"e","705":"C","706":"o","707":"m","708":"p","709":"o","710":"n","711":"e","712":"n","713":"t","714":"(","715":"{","716":"\\","717":"n","718":" ","719":" ","720":"n","721":"a","722":"m","723":"e","724":":","725":" ","726":"'","727":"S","728":"h","729":"o","730":"w","731":"D","732":"e","733":"t","734":"a","735":"i","736":"l","737":"s","738":"P","739":"a","740":"g","741":"e","742":"'","743":",","744":"\\","745":"n","746":" ","747":" ","748":"c","749":"o","750":"m","751":"p","752":"o","753":"n","754":"e","755":"n","756":"t","757":"s","758":":","759":" ","760":"{","761":"\\","762":"n","763":" ","764":" ","765":" ","766":" ","767":"T","768":"v","769":"S","770":"h","771":"o","772":"w","773":"D","774":"e","775":"t","776":"a","777":"i","778":"l","779":"s","780":",","781":"\\","782":"n","783":" ","784":" ","785":"}","786":",","787":"\\","788":"n","789":" ","790":" ","791":"d","792":"a","793":"t","794":"a","795":" ","796":"(","797":")","798":" ","799":"{","800":"\\","801":"n","802":" ","803":" ","804":" ","805":" ","806":"r","807":"e","808":"t","809":"u","810":"r","811":"n","812":" ","813":"{","814":"\\","815":"n","816":" ","817":" ","818":" ","819":" ","820":" ","821":" ","822":"i","823":"d","824":":","825":" ","826":"t","827":"h","828":"i","829":"s","830":".","831":"$","832":"r","833":"o","834":"u","835":"t","836":"e","837":".","838":"p","839":"a","840":"r","841":"a","842":"m","843":"s","844":".","845":"i","846":"d","847":"\\","848":"n","849":" ","850":" ","851":" ","852":" ","853":"}","854":"\\","855":"n","856":" ","857":" ","858":"}","859":"\\","860":"n","861":"}","862":")","863":"\\","864":"n","865":"<","866":"/","867":"s","868":"c","869":"r","870":"i","871":"p","872":"t","873":">","874":"\\","875":"n","876":"\\","877":"n","878":"<","879":"s","880":"t","881":"y","882":"l","883":"e","884":" ","885":"s","886":"c","887":"o","888":"p","889":"e","890":"d","891":">","892":"<","893":"/","894":"s","895":"t","896":"y","897":"l","898":"e","899":">","900":"\\","901":"n","902":"\"","903":"]","904":"}"},"_coverageSchema":"1a1c01bbd47fc00a2c39e90264f33305004495a9","hash":"64d30c5d796f8c79bc98aa4575767e42b0118d09"}
}
