TN:
SF:src/components/tv-show/DashbordComp.vue
FN:5,(anonymous_0)
FN:6,adopt
FN:7,(anonymous_2)
FN:11,(anonymous_3)
FN:12,fulfilled
FN:19,rejected
FN:26,step
FN:32,(anonymous_7)
FN:35,(anonymous_8)
FN:50,(anonymous_9)
FN:53,verb
FN:54,(anonymous_11)
FN:58,step
FN:120,(anonymous_13)
FN:139,(anonymous_14)
FN:147,(anonymous_15)
FN:150,(anonymous_16)
FN:151,(anonymous_17)
FN:153,(anonymous_18)
FN:179,(anonymous_19)
FN:208,render
FN:220,(anonymous_21)
FN:235,(anonymous_22)
FNF:23
FNH:16
FNDA:1,(anonymous_0)
FNDA:1,adopt
FNDA:0,(anonymous_2)
FNDA:1,(anonymous_3)
FNDA:0,fulfilled
FNDA:0,rejected
FNDA:1,step
FNDA:1,(anonymous_7)
FNDA:0,(anonymous_8)
FNDA:0,(anonymous_9)
FNDA:3,verb
FNDA:1,(anonymous_11)
FNDA:1,step
FNDA:9,(anonymous_13)
FNDA:2,(anonymous_14)
FNDA:0,(anonymous_15)
FNDA:1,(anonymous_16)
FNDA:1,(anonymous_17)
FNDA:1,(anonymous_18)
FNDA:2,(anonymous_19)
FNDA:2,render
FNDA:0,(anonymous_21)
FNDA:1,(anonymous_22)
DA:5,3
DA:7,1
DA:8,0
DA:11,1
DA:13,0
DA:14,0
DA:16,0
DA:20,0
DA:21,0
DA:23,0
DA:27,1
DA:29,1
DA:32,3
DA:33,1
DA:36,0
DA:37,0
DA:46,1
DA:51,0
DA:54,3
DA:55,1
DA:59,1
DA:60,2
DA:61,2
DA:62,2
DA:63,2
DA:66,1
DA:67,1
DA:69,1
DA:70,1
DA:75,0
DA:76,0
DA:77,0
DA:78,0
DA:80,0
DA:81,0
DA:82,0
DA:84,0
DA:85,0
DA:86,0
DA:88,0
DA:89,0
DA:90,0
DA:92,0
DA:93,0
DA:94,0
DA:95,0
DA:97,0
DA:98,0
DA:99,0
DA:100,0
DA:102,0
DA:103,0
DA:104,0
DA:106,1
DA:108,0
DA:109,0
DA:111,2
DA:113,0
DA:114,0
DA:120,3
DA:121,9
DA:125,3
DA:128,3
DA:129,3
DA:130,3
DA:131,3
DA:132,3
DA:133,3
DA:140,2
DA:148,0
DA:151,1
DA:153,1
DA:154,1
DA:156,1
DA:157,1
DA:158,1
DA:160,0
DA:161,0
DA:163,0
DA:164,0
DA:165,0
DA:167,0
DA:168,0
DA:169,0
DA:171,0
DA:178,3
DA:179,3
DA:180,2
DA:181,2
DA:182,0
DA:183,0
DA:186,2
DA:188,3
DA:189,3
DA:190,3
DA:191,3
DA:192,3
DA:193,3
DA:203,3
DA:206,3
DA:207,3
DA:209,2
DA:210,2
DA:211,2
DA:220,0
DA:236,1
DA:237,1
DA:238,1
DA:240,1
DA:255,3
DA:256,3
LF:111
LH:60
BRDA:5,0,0,3
BRDA:5,0,1,3
BRDA:5,0,2,3
BRDA:7,1,0,1
BRDA:7,1,1,0
BRDA:11,2,0,1
BRDA:11,2,1,1
BRDA:27,3,0,0
BRDA:27,3,1,1
BRDA:29,4,0,1
BRDA:29,4,1,1
BRDA:32,5,0,3
BRDA:32,5,1,3
BRDA:32,5,2,3
BRDA:36,6,0,0
BRDA:36,6,1,0
BRDA:50,7,0,1
BRDA:50,7,1,1
BRDA:59,8,0,0
BRDA:59,8,1,1
BRDA:61,9,0,0
BRDA:61,9,1,2
BRDA:61,10,0,2
BRDA:61,10,1,0
BRDA:61,10,2,0
BRDA:61,11,0,0
BRDA:61,11,1,0
BRDA:61,12,0,0
BRDA:61,12,1,0
BRDA:61,13,0,0
BRDA:61,13,1,0
BRDA:61,14,0,0
BRDA:61,14,1,0
BRDA:62,15,0,0
BRDA:62,15,1,2
BRDA:63,16,0,1
BRDA:63,16,1,1
BRDA:63,16,2,1
BRDA:63,16,3,0
BRDA:63,16,4,0
BRDA:63,16,5,0
BRDA:84,17,0,0
BRDA:84,17,1,0
BRDA:84,18,0,0
BRDA:84,18,1,0
BRDA:84,18,2,0
BRDA:84,19,0,0
BRDA:84,19,1,0
BRDA:88,20,0,0
BRDA:88,20,1,0
BRDA:88,21,0,0
BRDA:88,21,1,0
BRDA:88,21,2,0
BRDA:88,21,3,0
BRDA:92,22,0,0
BRDA:92,22,1,0
BRDA:92,23,0,0
BRDA:92,23,1,0
BRDA:97,24,0,0
BRDA:97,24,1,0
BRDA:97,25,0,0
BRDA:97,25,1,0
BRDA:102,26,0,0
BRDA:102,26,1,0
BRDA:113,27,0,0
BRDA:113,27,1,0
BRDA:115,28,0,0
BRDA:115,28,1,0
BRDA:120,29,0,3
BRDA:120,29,1,3
BRDA:120,29,2,3
BRDA:121,30,0,7
BRDA:121,30,1,2
BRDA:121,31,0,9
BRDA:121,31,1,9
BRDA:154,32,0,1
BRDA:154,32,1,0
BRDA:154,32,2,0
BRDA:154,32,3,0
BRDA:154,32,4,0
BRDA:179,33,0,3
BRDA:179,33,1,3
BRDA:179,33,2,3
BRDA:180,34,0,2
BRDA:180,34,1,0
BRDA:180,35,0,2
BRDA:180,35,1,0
BRDA:181,36,0,0
BRDA:181,36,1,2
BRDA:181,37,0,2
BRDA:181,37,1,2
BRDA:182,38,0,0
BRDA:182,38,1,0
BRDA:186,39,0,2
BRDA:186,39,1,2
BRDA:220,40,0,2
BRDA:220,40,1,2
BRDA:233,41,0,2
BRDA:233,41,1,2
BRDA:240,42,0,1
BRDA:240,42,1,1
BRDA:246,43,0,0
BRDA:246,43,1,2
BRDA:246,44,0,2
BRDA:246,44,1,0
BRDA:246,44,2,0
BRF:106
BRH:47
end_of_record
TN:
SF:src/components/tv-show/ShowsByName.vue
FN:15,(anonymous_0)
FN:20,(anonymous_1)
FN:39,render
FN:42,(anonymous_3)
FNF:4
FNH:0
FNDA:0,(anonymous_0)
FNDA:0,(anonymous_1)
FNDA:0,render
FNDA:0,(anonymous_3)
DA:3,3
DA:6,3
DA:7,3
DA:16,0
DA:21,0
DA:25,3
DA:26,3
DA:27,3
DA:28,3
DA:29,3
DA:30,3
DA:31,3
DA:32,3
DA:33,3
DA:34,3
DA:35,3
DA:36,3
DA:37,3
DA:38,3
DA:40,0
DA:44,0
DA:65,3
DA:66,3
LF:23
LH:19
BRDA:47,0,0,0
BRDA:47,0,1,0
BRDA:47,1,0,0
BRDA:47,1,1,0
BRDA:56,2,0,0
BRDA:56,2,1,0
BRDA:56,3,0,0
BRDA:56,3,1,0
BRF:8
BRH:0
end_of_record
TN:
SF:src/components/tv-show/TvShowDetails.vue
FN:5,(anonymous_0)
FN:6,adopt
FN:7,(anonymous_2)
FN:11,(anonymous_3)
FN:12,fulfilled
FN:19,rejected
FN:26,step
FN:32,(anonymous_7)
FN:35,(anonymous_8)
FN:50,(anonymous_9)
FN:53,verb
FN:54,(anonymous_11)
FN:58,step
FN:120,(anonymous_13)
FN:138,(anonymous_14)
FN:143,(anonymous_15)
FN:144,(anonymous_16)
FN:145,(anonymous_17)
FN:157,(anonymous_18)
FN:158,(anonymous_19)
FN:160,(anonymous_20)
FN:196,render
FNF:22
FNH:20
FNDA:2,(anonymous_0)
FNDA:3,adopt
FNDA:1,(anonymous_2)
FNDA:2,(anonymous_3)
FNDA:3,fulfilled
FNDA:0,rejected
FNDA:5,step
FNDA:2,(anonymous_7)
FNDA:3,(anonymous_8)
FNDA:0,(anonymous_9)
FNDA:6,verb
FNDA:5,(anonymous_11)
FNDA:5,step
FNDA:2,(anonymous_13)
FNDA:1,(anonymous_14)
FNDA:1,(anonymous_15)
FNDA:1,(anonymous_16)
FNDA:2,(anonymous_17)
FNDA:1,(anonymous_18)
FNDA:1,(anonymous_19)
FNDA:4,(anonymous_20)
FNDA:2,render
DA:5,2
DA:7,3
DA:8,1
DA:11,2
DA:13,3
DA:14,3
DA:16,0
DA:20,0
DA:21,0
DA:23,0
DA:27,5
DA:29,2
DA:32,2
DA:33,2
DA:36,3
DA:37,3
DA:46,2
DA:51,0
DA:54,6
DA:55,5
DA:59,5
DA:60,12
DA:61,12
DA:62,12
DA:63,12
DA:66,5
DA:67,5
DA:69,3
DA:70,3
DA:75,0
DA:76,0
DA:77,0
DA:78,0
DA:80,0
DA:81,0
DA:82,0
DA:84,4
DA:85,2
DA:86,2
DA:88,2
DA:89,1
DA:90,1
DA:92,1
DA:93,0
DA:94,0
DA:95,0
DA:97,1
DA:98,0
DA:99,0
DA:100,0
DA:102,1
DA:103,1
DA:104,1
DA:106,6
DA:108,0
DA:109,0
DA:111,12
DA:113,2
DA:114,2
DA:120,2
DA:121,2
DA:125,2
DA:128,2
DA:129,2
DA:130,2
DA:131,2
DA:139,1
DA:144,1
DA:145,1
DA:146,2
DA:148,1
DA:150,1
DA:151,1
DA:158,1
DA:160,1
DA:161,4
DA:163,1
DA:164,1
DA:166,1
DA:167,1
DA:169,1
DA:170,1
DA:171,1
DA:173,0
DA:174,0
DA:175,0
DA:177,1
DA:184,2
DA:185,2
DA:186,2
DA:187,2
DA:188,2
DA:189,2
DA:190,2
DA:191,2
DA:192,2
DA:193,2
DA:194,2
DA:195,2
DA:198,2
DA:216,2
DA:217,2
LF:102
LH:79
BRDA:5,0,0,2
BRDA:5,0,1,2
BRDA:5,0,2,2
BRDA:7,1,0,2
BRDA:7,1,1,1
BRDA:11,2,0,2
BRDA:11,2,1,2
BRDA:27,3,0,2
BRDA:27,3,1,3
BRDA:29,4,0,2
BRDA:29,4,1,2
BRDA:32,5,0,2
BRDA:32,5,1,2
BRDA:32,5,2,2
BRDA:36,6,0,0
BRDA:36,6,1,3
BRDA:50,7,0,2
BRDA:50,7,1,2
BRDA:59,8,0,0
BRDA:59,8,1,5
BRDA:61,9,0,0
BRDA:61,9,1,12
BRDA:61,10,0,12
BRDA:61,10,1,0
BRDA:61,10,2,0
BRDA:61,11,0,0
BRDA:61,11,1,0
BRDA:61,12,0,0
BRDA:61,12,1,0
BRDA:61,13,0,0
BRDA:61,13,1,0
BRDA:61,14,0,0
BRDA:61,14,1,0
BRDA:62,15,0,0
BRDA:62,15,1,12
BRDA:63,16,0,5
BRDA:63,16,1,5
BRDA:63,16,2,3
BRDA:63,16,3,0
BRDA:63,16,4,0
BRDA:63,16,5,4
BRDA:84,17,0,2
BRDA:84,17,1,2
BRDA:84,18,0,4
BRDA:84,18,1,3
BRDA:84,18,2,3
BRDA:84,19,0,4
BRDA:84,19,1,1
BRDA:88,20,0,1
BRDA:88,20,1,1
BRDA:88,21,0,2
BRDA:88,21,1,2
BRDA:88,21,2,1
BRDA:88,21,3,1
BRDA:92,22,0,0
BRDA:92,22,1,1
BRDA:92,23,0,1
BRDA:92,23,1,0
BRDA:97,24,0,0
BRDA:97,24,1,1
BRDA:97,25,0,1
BRDA:97,25,1,1
BRDA:102,26,0,0
BRDA:102,26,1,1
BRDA:113,27,0,0
BRDA:113,27,1,2
BRDA:115,28,0,2
BRDA:115,28,1,0
BRDA:120,29,0,2
BRDA:120,29,1,2
BRDA:120,29,2,2
BRDA:121,30,0,0
BRDA:121,30,1,2
BRDA:121,31,0,2
BRDA:121,31,1,2
BRDA:146,32,0,1
BRDA:146,32,1,1
BRDA:161,33,0,1
BRDA:161,33,1,1
BRDA:161,33,2,1
BRDA:161,33,3,0
BRDA:161,33,4,1
BRDA:202,34,0,1
BRDA:202,34,1,1
BRDA:202,35,0,2
BRDA:202,35,1,2
BRDA:211,36,0,1
BRDA:211,36,1,1
BRDA:211,37,0,2
BRDA:211,37,1,2
BRF:90
BRH:66
end_of_record
TN:
SF:src/components/tv-show/TvShowsList.vue
FN:5,(anonymous_0)
FN:6,adopt
FN:7,(anonymous_2)
FN:11,(anonymous_3)
FN:12,fulfilled
FN:19,rejected
FN:26,step
FN:32,(anonymous_7)
FN:35,(anonymous_8)
FN:50,(anonymous_9)
FN:53,verb
FN:54,(anonymous_11)
FN:58,step
FN:120,(anonymous_13)
FN:132,(anonymous_14)
FN:138,(anonymous_15)
FN:139,(anonymous_16)
FN:140,(anonymous_17)
FN:152,(anonymous_18)
FN:153,(anonymous_19)
FN:155,(anonymous_20)
FN:183,(anonymous_21)
FN:184,(anonymous_22)
FN:185,(anonymous_23)
FN:191,(anonymous_24)
FN:203,(anonymous_25)
FN:208,(anonymous_26)
FN:227,render
FN:231,(anonymous_28)
FN:236,(anonymous_29)
FN:243,(anonymous_30)
FNF:31
FNH:21
FNDA:4,(anonymous_0)
FNDA:6,adopt
FNDA:2,(anonymous_2)
FNDA:4,(anonymous_3)
FNDA:6,fulfilled
FNDA:0,rejected
FNDA:10,step
FNDA:4,(anonymous_7)
FNDA:6,(anonymous_8)
FNDA:0,(anonymous_9)
FNDA:12,verb
FNDA:10,(anonymous_11)
FNDA:10,step
FNDA:3,(anonymous_13)
FNDA:2,(anonymous_14)
FNDA:2,(anonymous_15)
FNDA:2,(anonymous_16)
FNDA:4,(anonymous_17)
FNDA:2,(anonymous_18)
FNDA:2,(anonymous_19)
FNDA:8,(anonymous_20)
FNDA:2,(anonymous_21)
FNDA:0,(anonymous_22)
FNDA:0,(anonymous_23)
FNDA:0,(anonymous_24)
FNDA:0,(anonymous_25)
FNDA:0,(anonymous_26)
FNDA:4,render
FNDA:0,(anonymous_28)
FNDA:0,(anonymous_29)
FNDA:0,(anonymous_30)
DA:5,3
DA:7,6
DA:8,2
DA:11,4
DA:13,6
DA:14,6
DA:16,0
DA:20,0
DA:21,0
DA:23,0
DA:27,10
DA:29,4
DA:32,3
DA:33,4
DA:36,6
DA:37,6
DA:46,4
DA:51,0
DA:54,12
DA:55,10
DA:59,10
DA:60,24
DA:61,24
DA:62,24
DA:63,24
DA:66,10
DA:67,10
DA:69,6
DA:70,6
DA:75,0
DA:76,0
DA:77,0
DA:78,0
DA:80,0
DA:81,0
DA:82,0
DA:84,8
DA:85,4
DA:86,4
DA:88,4
DA:89,2
DA:90,2
DA:92,2
DA:93,0
DA:94,0
DA:95,0
DA:97,2
DA:98,0
DA:99,0
DA:100,0
DA:102,2
DA:103,2
DA:104,2
DA:106,12
DA:108,0
DA:109,0
DA:111,24
DA:113,4
DA:114,4
DA:120,3
DA:121,3
DA:125,3
DA:128,3
DA:129,3
DA:130,3
DA:131,3
DA:133,2
DA:139,2
DA:140,2
DA:141,4
DA:143,2
DA:145,2
DA:146,2
DA:153,2
DA:155,2
DA:156,8
DA:158,2
DA:159,2
DA:161,2
DA:162,2
DA:164,2
DA:165,2
DA:166,0
DA:168,2
DA:169,2
DA:170,2
DA:171,2
DA:173,0
DA:174,0
DA:175,0
DA:177,2
DA:184,2
DA:185,0
DA:186,0
DA:192,0
DA:193,0
DA:194,0
DA:195,0
DA:200,0
DA:201,0
DA:203,2
DA:204,0
DA:205,0
DA:206,0
DA:209,0
DA:216,3
DA:217,3
DA:218,3
DA:219,3
DA:220,3
DA:221,3
DA:222,3
DA:223,3
DA:224,3
DA:225,3
DA:226,3
DA:228,4
DA:229,4
DA:232,0
DA:233,0
DA:237,0
DA:243,0
DA:264,3
DA:265,3
LF:124
LH:84
BRDA:5,0,0,3
BRDA:5,0,1,3
BRDA:5,0,2,3
BRDA:7,1,0,4
BRDA:7,1,1,2
BRDA:11,2,0,4
BRDA:11,2,1,4
BRDA:27,3,0,4
BRDA:27,3,1,6
BRDA:29,4,0,4
BRDA:29,4,1,4
BRDA:32,5,0,3
BRDA:32,5,1,3
BRDA:32,5,2,3
BRDA:36,6,0,0
BRDA:36,6,1,6
BRDA:50,7,0,4
BRDA:50,7,1,4
BRDA:59,8,0,0
BRDA:59,8,1,10
BRDA:61,9,0,0
BRDA:61,9,1,24
BRDA:61,10,0,24
BRDA:61,10,1,0
BRDA:61,10,2,0
BRDA:61,11,0,0
BRDA:61,11,1,0
BRDA:61,12,0,0
BRDA:61,12,1,0
BRDA:61,13,0,0
BRDA:61,13,1,0
BRDA:61,14,0,0
BRDA:61,14,1,0
BRDA:62,15,0,0
BRDA:62,15,1,24
BRDA:63,16,0,10
BRDA:63,16,1,10
BRDA:63,16,2,6
BRDA:63,16,3,0
BRDA:63,16,4,0
BRDA:63,16,5,8
BRDA:84,17,0,4
BRDA:84,17,1,4
BRDA:84,18,0,8
BRDA:84,18,1,6
BRDA:84,18,2,6
BRDA:84,19,0,8
BRDA:84,19,1,2
BRDA:88,20,0,2
BRDA:88,20,1,2
BRDA:88,21,0,4
BRDA:88,21,1,4
BRDA:88,21,2,2
BRDA:88,21,3,2
BRDA:92,22,0,0
BRDA:92,22,1,2
BRDA:92,23,0,2
BRDA:92,23,1,0
BRDA:97,24,0,0
BRDA:97,24,1,2
BRDA:97,25,0,2
BRDA:97,25,1,2
BRDA:102,26,0,0
BRDA:102,26,1,2
BRDA:113,27,0,0
BRDA:113,27,1,4
BRDA:115,28,0,4
BRDA:115,28,1,0
BRDA:120,29,0,3
BRDA:120,29,1,3
BRDA:120,29,2,3
BRDA:121,30,0,1
BRDA:121,30,1,2
BRDA:121,31,0,3
BRDA:121,31,1,3
BRDA:141,32,0,2
BRDA:141,32,1,2
BRDA:156,33,0,2
BRDA:156,33,1,2
BRDA:156,33,2,2
BRDA:156,33,3,0
BRDA:156,33,4,2
BRDA:165,34,0,0
BRDA:165,34,1,2
BRDA:165,35,0,2
BRDA:165,35,1,0
BRDA:194,36,0,0
BRDA:194,36,1,0
BRF:88
BRH:61
end_of_record
TN:
SF:src/router/index.ts
FNF:0
FNH:0
DA:1,2
DA:3,2
DA:4,2
DA:6,2
DA:19,2
DA:24,2
LF:6
LH:6
BRF:0
BRH:0
end_of_record
TN:
SF:src/utils/apiData.ts
FNF:0
FNH:0
DA:1,3
DA:2,3
LF:2
LH:2
BRF:0
BRH:0
end_of_record
TN:
SF:src/views/DashboardPage.vue
FN:3,(anonymous_0)
FN:18,(anonymous_1)
FN:26,render
FNF:3
FNH:1
FNDA:2,(anonymous_0)
FNDA:0,(anonymous_1)
FNDA:0,render
DA:3,2
DA:4,2
DA:8,2
DA:11,2
DA:12,2
DA:13,2
DA:19,0
DA:22,2
DA:23,2
DA:24,2
DA:25,2
DA:27,0
DA:28,0
DA:32,2
DA:33,2
LF:15
LH:12
BRDA:3,0,0,2
BRDA:3,0,1,2
BRDA:3,0,2,2
BRDA:4,1,0,2
BRDA:4,1,1,0
BRDA:4,2,0,2
BRDA:4,2,1,2
BRF:7
BRH:6
end_of_record
TN:
SF:src/views/ShowDetailsPage.vue
FN:3,(anonymous_0)
FN:18,(anonymous_1)
FN:28,render
FNF:3
FNH:1
FNDA:2,(anonymous_0)
FNDA:0,(anonymous_1)
FNDA:0,render
DA:3,2
DA:4,2
DA:8,2
DA:11,2
DA:12,2
DA:13,2
DA:19,0
DA:24,2
DA:25,2
DA:26,2
DA:27,2
DA:29,0
DA:30,0
DA:34,2
DA:35,2
LF:15
LH:12
BRDA:3,0,0,2
BRDA:3,0,1,2
BRDA:3,0,2,2
BRDA:4,1,0,2
BRDA:4,1,1,0
BRDA:4,2,0,2
BRDA:4,2,1,2
BRF:7
BRH:6
end_of_record
